2025-12-10 17:09:11,459 INFO  Main: Начало скачек. Количество участников: 7
2025-12-10 17:09:11,481 INFO  Main: Окончание скачек. Победитель: Pegasus
2025-12-10 17:21:38,825 DEBUG Hippodrome: Создание Hippodrome, лошадей [7]
2025-12-10 17:21:58,963 INFO  Main: Начало скачек. Количество участников: 7
2025-12-10 17:21:58,970 INFO  Main: Окончание скачек. Победитель: Cherry
2025-12-10 17:27:40,008 DEBUG Horse: Создание Horse, имя [Bucephalus], скорость [2.4]
2025-12-10 17:27:40,026 DEBUG Horse: Создание Horse, имя [Ace of Spades], скорость [2.5]
2025-12-10 17:27:40,027 DEBUG Horse: Создание Horse, имя [Zephyr], скорость [2.6]
2025-12-10 17:27:40,027 DEBUG Horse: Создание Horse, имя [Blaze], скорость [2.7]
2025-12-10 17:27:40,027 DEBUG Horse: Создание Horse, имя [Lobster], скорость [2.8]
2025-12-10 17:27:40,027 DEBUG Horse: Создание Horse, имя [Pegasus], скорость [2.9]
2025-12-10 17:27:40,027 DEBUG Horse: Создание Horse, имя [Cherry], скорость [3.0]
2025-12-10 17:27:40,028 DEBUG Hippodrome: Создание Hippodrome, лошадей [7]
2025-12-10 17:28:00,152 INFO  Main: Начало скачек. Количество участников: 7
2025-12-10 17:28:00,157 INFO  Main: Окончание скачек. Победитель: Lobster
2025-12-10 17:40:09,511 DEBUG Horse: Создание Horse, имя [Bucephalus], скорость [2.4]
2025-12-10 17:40:09,515 DEBUG Horse: Создание Horse, имя [Ace of Spades], скорость [2.5]
2025-12-10 17:40:09,515 DEBUG Horse: Создание Horse, имя [Zephyr], скорость [2.6]
2025-12-10 17:40:09,515 DEBUG Horse: Создание Horse, имя [Blaze], скорость [2.7]
2025-12-10 17:40:09,515 DEBUG Horse: Создание Horse, имя [Lobster], скорость [2.8]
2025-12-10 17:40:09,515 DEBUG Horse: Создание Horse, имя [Pegasus], скорость [2.9]
2025-12-10 17:40:09,515 DEBUG Horse: Создание Horse, имя [Cherry], скорость [3.0]
2025-12-10 17:40:09,516 DEBUG Hippodrome: Создание Hippodrome, лошадей [7]
2025-12-10 17:40:29,645 INFO  Main: Начало скачек. Количество участников: 7
2025-12-10 17:40:29,648 INFO  Main: Окончание скачек. Победитель: Pegasus
2025-12-10 18:00:01,131 ERROR Hippodrome: Horse: Name is null
2025-12-10 18:01:26,371 ERROR Hippodrome: Horse: Name is null
2025-12-10 18:01:26,420 ERROR Hippodrome: Horse: Name is null
2025-12-10 18:01:52,426 ERROR Hippodrome: Horse: Name is null
2025-12-10 18:01:52,456 ERROR Hippodrome: Horse: Name is null
2025-12-10 18:05:14,139 ERROR Hippodrome: Horse: Name is null
2025-12-10 18:05:14,168 ERROR Hippodrome: Horse: Name is blank
2025-12-10 18:05:14,172 ERROR Hippodrome: Horse: Name is null
2025-12-10 18:05:14,176 ERROR Hippodrome: Horse: Name is blank
2025-12-10 18:06:51,363 ERROR Hippodrome: Horse: Name is null
2025-12-10 18:06:51,388 ERROR Hippodrome: Horse: Name is blank
2025-12-10 18:06:51,391 ERROR Hippodrome: Horse: Name is null
2025-12-10 18:06:51,394 ERROR Hippodrome: Horse: Name is blank
2025-12-10 18:07:12,578 ERROR Hippodrome: Horse: Name is null
2025-12-10 18:07:12,604 ERROR Hippodrome: Horse: Name is blank
2025-12-10 18:07:12,607 ERROR Hippodrome: Horse: Name is null
2025-12-10 18:07:12,610 ERROR Hippodrome: Horse: Name is blank
2025-12-10 18:22:53,970 ERROR Hippodrome: Horse: Name is null
2025-12-10 18:22:53,995 ERROR Hippodrome: Horse: Name is blank
2025-12-10 18:22:53,998 ERROR Hippodrome: Horse: Name is null
2025-12-10 18:22:54,018 DEBUG Horse: Создание Horse, имя [Horse_1], скорость [2.518515217330177]
2025-12-10 18:22:54,019 DEBUG Horse: Создание Horse, имя [Horse_2], скорость [3.5063936295856593]
2025-12-10 18:22:54,019 DEBUG Horse: Создание Horse, имя [Horse_3], скорость [3.3974757382420666]
2025-12-10 18:22:54,019 DEBUG Horse: Создание Horse, имя [Horse_4], скорость [3.344757737002065]
2025-12-10 18:22:54,020 DEBUG Horse: Создание Horse, имя [Horse_5], скорость [3.481166077750921]
2025-12-10 18:22:54,020 DEBUG Horse: Создание Horse, имя [Horse_6], скорость [3.9105436778151175]
2025-12-10 18:22:54,020 DEBUG Horse: Создание Horse, имя [Horse_7], скорость [2.6888738467385824]
2025-12-10 18:22:54,020 DEBUG Horse: Создание Horse, имя [Horse_8], скорость [2.268214510556373]
2025-12-10 18:22:54,020 DEBUG Horse: Создание Horse, имя [Horse_9], скорость [3.910239081405536]
2025-12-10 18:22:54,020 DEBUG Horse: Создание Horse, имя [Horse_10], скорость [3.5033623821064355]
2025-12-10 18:22:54,020 DEBUG Horse: Создание Horse, имя [Horse_11], скорость [3.5767967888611856]
2025-12-10 18:22:54,020 DEBUG Horse: Создание Horse, имя [Horse_12], скорость [2.207777917158796]
2025-12-10 18:22:54,020 DEBUG Horse: Создание Horse, имя [Horse_13], скорость [3.4151638800569017]
2025-12-10 18:22:54,020 DEBUG Horse: Создание Horse, имя [Horse_14], скорость [3.2345308999338593]
2025-12-10 18:22:54,021 DEBUG Horse: Создание Horse, имя [Horse_15], скорость [2.467617918584188]
2025-12-10 18:22:54,021 DEBUG Horse: Создание Horse, имя [Horse_16], скорость [2.239462112792391]
2025-12-10 18:22:54,021 DEBUG Horse: Создание Horse, имя [Horse_17], скорость [2.5856954271556445]
2025-12-10 18:22:54,021 DEBUG Horse: Создание Horse, имя [Horse_18], скорость [2.0074883925786646]
2025-12-10 18:22:54,021 DEBUG Horse: Создание Horse, имя [Horse_19], скорость [2.1384562553958846]
2025-12-10 18:22:54,021 DEBUG Horse: Создание Horse, имя [Horse_20], скорость [2.051083027150292]
2025-12-10 18:22:54,021 DEBUG Horse: Создание Horse, имя [Horse_21], скорость [2.7561691467452354]
2025-12-10 18:22:54,021 DEBUG Horse: Создание Horse, имя [Horse_22], скорость [3.794290798792173]
2025-12-10 18:22:54,021 DEBUG Horse: Создание Horse, имя [Horse_23], скорость [3.2105774604789863]
2025-12-10 18:22:54,022 DEBUG Horse: Создание Horse, имя [Horse_24], скорость [3.929996807371193]
2025-12-10 18:22:54,022 DEBUG Horse: Создание Horse, имя [Horse_25], скорость [3.7040536309150935]
2025-12-10 18:22:54,022 DEBUG Horse: Создание Horse, имя [Horse_26], скорость [3.653471344150665]
2025-12-10 18:22:54,022 DEBUG Horse: Создание Horse, имя [Horse_27], скорость [2.1225519196556872]
2025-12-10 18:22:54,022 DEBUG Horse: Создание Horse, имя [Horse_28], скорость [2.605287199427214]
2025-12-10 18:22:54,022 DEBUG Horse: Создание Horse, имя [Horse_29], скорость [3.4532719070803712]
2025-12-10 18:22:54,022 DEBUG Horse: Создание Horse, имя [Horse_30], скорость [2.9566277409723303]
2025-12-10 18:22:54,022 DEBUG Hippodrome: Создание Hippodrome, лошадей [30]
2025-12-10 18:22:54,026 ERROR Hippodrome: Horse: Name is blank
2025-12-10 18:31:01,688 ERROR Hippodrome: Horse: Name is null
2025-12-10 18:31:01,712 ERROR Hippodrome: Horse: Name is blank
2025-12-10 18:31:01,715 ERROR Hippodrome: Horse: Name is null
2025-12-10 18:31:01,737 DEBUG Horse: Создание Horse, имя [Horse_1], скорость [3.482198878108864]
2025-12-10 18:31:01,737 DEBUG Horse: Создание Horse, имя [Horse_2], скорость [3.7051012282210287]
2025-12-10 18:31:01,737 DEBUG Horse: Создание Horse, имя [Horse_3], скорость [3.7906589864598654]
2025-12-10 18:31:01,737 DEBUG Horse: Создание Horse, имя [Horse_4], скорость [3.4738353264592003]
2025-12-10 18:31:01,737 DEBUG Horse: Создание Horse, имя [Horse_5], скорость [3.2274190212237794]
2025-12-10 18:31:01,738 DEBUG Horse: Создание Horse, имя [Horse_6], скорость [2.016331294879249]
2025-12-10 18:31:01,738 DEBUG Horse: Создание Horse, имя [Horse_7], скорость [2.8468356318683004]
2025-12-10 18:31:01,738 DEBUG Horse: Создание Horse, имя [Horse_8], скорость [3.3205522189875656]
2025-12-10 18:31:01,738 DEBUG Horse: Создание Horse, имя [Horse_9], скорость [2.3239958533711187]
2025-12-10 18:31:01,738 DEBUG Horse: Создание Horse, имя [Horse_10], скорость [2.1489695999952603]
2025-12-10 18:31:01,738 DEBUG Horse: Создание Horse, имя [Horse_11], скорость [2.7216647298845453]
2025-12-10 18:31:01,738 DEBUG Horse: Создание Horse, имя [Horse_12], скорость [3.2158719280665435]
2025-12-10 18:31:01,738 DEBUG Horse: Создание Horse, имя [Horse_13], скорость [2.498427397379543]
2025-12-10 18:31:01,738 DEBUG Horse: Создание Horse, имя [Horse_14], скорость [3.3349241661217652]
2025-12-10 18:31:01,738 DEBUG Horse: Создание Horse, имя [Horse_15], скорость [3.922912172765769]
2025-12-10 18:31:01,739 DEBUG Horse: Создание Horse, имя [Horse_16], скорость [3.960704114652813]
2025-12-10 18:31:01,739 DEBUG Horse: Создание Horse, имя [Horse_17], скорость [3.122832381701225]
2025-12-10 18:31:01,739 DEBUG Horse: Создание Horse, имя [Horse_18], скорость [3.7092637495503]
2025-12-10 18:31:01,739 DEBUG Horse: Создание Horse, имя [Horse_19], скорость [2.9248377362706037]
2025-12-10 18:31:01,739 DEBUG Horse: Создание Horse, имя [Horse_20], скорость [2.5739380658584055]
2025-12-10 18:31:01,739 DEBUG Horse: Создание Horse, имя [Horse_21], скорость [3.2150268149314662]
2025-12-10 18:31:01,739 DEBUG Horse: Создание Horse, имя [Horse_22], скорость [3.889970869963327]
2025-12-10 18:31:01,739 DEBUG Horse: Создание Horse, имя [Horse_23], скорость [2.5848912039589065]
2025-12-10 18:31:01,739 DEBUG Horse: Создание Horse, имя [Horse_24], скорость [2.162632131381084]
2025-12-10 18:31:01,739 DEBUG Horse: Создание Horse, имя [Horse_25], скорость [3.8691450388354953]
2025-12-10 18:31:01,739 DEBUG Horse: Создание Horse, имя [Horse_26], скорость [3.9571871657074107]
2025-12-10 18:31:01,740 DEBUG Horse: Создание Horse, имя [Horse_27], скорость [2.2072916138451983]
2025-12-10 18:31:01,740 DEBUG Horse: Создание Horse, имя [Horse_28], скорость [2.735427520546427]
2025-12-10 18:31:01,740 DEBUG Horse: Создание Horse, имя [Horse_29], скорость [2.378095665938566]
2025-12-10 18:31:01,740 DEBUG Horse: Создание Horse, имя [Horse_30], скорость [3.173808550568193]
2025-12-10 18:31:01,740 DEBUG Hippodrome: Создание Hippodrome, лошадей [30]
2025-12-10 18:31:02,524 ERROR Hippodrome: Horse: Name is blank
2025-12-10 18:32:15,812 ERROR Hippodrome: Horse: Name is null
2025-12-10 18:32:15,839 ERROR Hippodrome: Horse: Name is blank
2025-12-10 18:32:15,842 ERROR Hippodrome: Horse: Name is null
2025-12-10 18:32:15,862 DEBUG Horse: Создание Horse, имя [Horse_1], скорость [2.147581794666575]
2025-12-10 18:32:15,863 DEBUG Horse: Создание Horse, имя [Horse_2], скорость [2.073150201326108]
2025-12-10 18:32:15,863 DEBUG Horse: Создание Horse, имя [Horse_3], скорость [3.656566841879708]
2025-12-10 18:32:15,863 DEBUG Horse: Создание Horse, имя [Horse_4], скорость [2.5723487860276872]
2025-12-10 18:32:15,863 DEBUG Horse: Создание Horse, имя [Horse_5], скорость [2.3253986201563865]
2025-12-10 18:32:15,864 DEBUG Horse: Создание Horse, имя [Horse_6], скорость [2.9347942504084243]
2025-12-10 18:32:15,864 DEBUG Horse: Создание Horse, имя [Horse_7], скорость [3.564927745393327]
2025-12-10 18:32:15,864 DEBUG Horse: Создание Horse, имя [Horse_8], скорость [2.445330498674391]
2025-12-10 18:32:15,864 DEBUG Horse: Создание Horse, имя [Horse_9], скорость [3.1126130256021174]
2025-12-10 18:32:15,864 DEBUG Horse: Создание Horse, имя [Horse_10], скорость [3.6129257422327825]
2025-12-10 18:32:15,864 DEBUG Horse: Создание Horse, имя [Horse_11], скорость [2.2619703941991727]
2025-12-10 18:32:15,864 DEBUG Horse: Создание Horse, имя [Horse_12], скорость [3.476015491998899]
2025-12-10 18:32:15,864 DEBUG Horse: Создание Horse, имя [Horse_13], скорость [3.143733579974701]
2025-12-10 18:32:15,864 DEBUG Horse: Создание Horse, имя [Horse_14], скорость [2.9080005612846764]
2025-12-10 18:32:15,865 DEBUG Horse: Создание Horse, имя [Horse_15], скорость [2.10950142312125]
2025-12-10 18:32:15,865 DEBUG Horse: Создание Horse, имя [Horse_16], скорость [2.2358711965227354]
2025-12-10 18:32:15,865 DEBUG Horse: Создание Horse, имя [Horse_17], скорость [2.282080375062964]
2025-12-10 18:32:15,865 DEBUG Horse: Создание Horse, имя [Horse_18], скорость [2.2901700760734665]
2025-12-10 18:32:15,865 DEBUG Horse: Создание Horse, имя [Horse_19], скорость [2.3131803687814805]
2025-12-10 18:32:15,865 DEBUG Horse: Создание Horse, имя [Horse_20], скорость [3.2385870084056703]
2025-12-10 18:32:15,865 DEBUG Horse: Создание Horse, имя [Horse_21], скорость [3.205535312696738]
2025-12-10 18:32:15,865 DEBUG Horse: Создание Horse, имя [Horse_22], скорость [3.298464439977711]
2025-12-10 18:32:15,865 DEBUG Horse: Создание Horse, имя [Horse_23], скорость [2.1211019383169663]
2025-12-10 18:32:15,865 DEBUG Horse: Создание Horse, имя [Horse_24], скорость [2.536722548266182]
2025-12-10 18:32:15,866 DEBUG Horse: Создание Horse, имя [Horse_25], скорость [2.8491972036513746]
2025-12-10 18:32:15,866 DEBUG Horse: Создание Horse, имя [Horse_26], скорость [3.5917569059109002]
2025-12-10 18:32:15,866 DEBUG Horse: Создание Horse, имя [Horse_27], скорость [3.0189620824357397]
2025-12-10 18:32:15,866 DEBUG Horse: Создание Horse, имя [Horse_28], скорость [3.2145523483514746]
2025-12-10 18:32:15,866 DEBUG Horse: Создание Horse, имя [Horse_29], скорость [3.21135063104051]
2025-12-10 18:32:15,866 DEBUG Horse: Создание Horse, имя [Horse_30], скорость [2.2306721730114543]
2025-12-10 18:32:15,866 DEBUG Hippodrome: Создание Hippodrome, лошадей [30]
2025-12-10 18:32:15,870 ERROR Hippodrome: Horse: Name is blank
2025-12-10 18:32:42,918 ERROR Hippodrome: Horse: Name is null
2025-12-10 18:32:42,944 ERROR Hippodrome: Horse: Name is blank
2025-12-10 18:32:42,946 ERROR Hippodrome: Horse: Name is null
2025-12-10 18:32:42,967 DEBUG Horse: Создание Horse, имя [Horse_1], скорость [3.874304443899926]
2025-12-10 18:32:42,967 DEBUG Horse: Создание Horse, имя [Horse_2], скорость [2.9412425280546226]
2025-12-10 18:32:42,967 DEBUG Horse: Создание Horse, имя [Horse_3], скорость [3.2893020733184573]
2025-12-10 18:32:42,967 DEBUG Horse: Создание Horse, имя [Horse_4], скорость [2.3315345085318544]
2025-12-10 18:32:42,967 DEBUG Horse: Создание Horse, имя [Horse_5], скорость [3.1942226091964177]
2025-12-10 18:32:42,968 DEBUG Horse: Создание Horse, имя [Horse_6], скорость [3.241421792867186]
2025-12-10 18:32:42,968 DEBUG Horse: Создание Horse, имя [Horse_7], скорость [3.6626148606444935]
2025-12-10 18:32:42,968 DEBUG Horse: Создание Horse, имя [Horse_8], скорость [3.6266503031118407]
2025-12-10 18:32:42,968 DEBUG Horse: Создание Horse, имя [Horse_9], скорость [2.944670447776872]
2025-12-10 18:32:42,968 DEBUG Horse: Создание Horse, имя [Horse_10], скорость [3.732194129458823]
2025-12-10 18:32:42,968 DEBUG Horse: Создание Horse, имя [Horse_11], скорость [3.227303028903139]
2025-12-10 18:32:42,968 DEBUG Horse: Создание Horse, имя [Horse_12], скорость [2.0895844613020564]
2025-12-10 18:32:42,968 DEBUG Horse: Создание Horse, имя [Horse_13], скорость [3.120325698810083]
2025-12-10 18:32:42,969 DEBUG Horse: Создание Horse, имя [Horse_14], скорость [3.754419466710649]
2025-12-10 18:32:42,969 DEBUG Horse: Создание Horse, имя [Horse_15], скорость [2.9143973268197314]
2025-12-10 18:32:42,969 DEBUG Horse: Создание Horse, имя [Horse_16], скорость [3.49469325775312]
2025-12-10 18:32:42,969 DEBUG Horse: Создание Horse, имя [Horse_17], скорость [3.4573182258601802]
2025-12-10 18:32:42,969 DEBUG Horse: Создание Horse, имя [Horse_18], скорость [3.0682604327839966]
2025-12-10 18:32:42,969 DEBUG Horse: Создание Horse, имя [Horse_19], скорость [3.265039632674008]
2025-12-10 18:32:42,969 DEBUG Horse: Создание Horse, имя [Horse_20], скорость [2.1995022900102343]
2025-12-10 18:32:42,969 DEBUG Horse: Создание Horse, имя [Horse_21], скорость [3.6931087831434217]
2025-12-10 18:32:42,969 DEBUG Horse: Создание Horse, имя [Horse_22], скорость [3.8049050040540555]
2025-12-10 18:32:42,969 DEBUG Horse: Создание Horse, имя [Horse_23], скорость [2.145158657037734]
2025-12-10 18:32:42,969 DEBUG Horse: Создание Horse, имя [Horse_24], скорость [2.129876614011459]
2025-12-10 18:32:42,970 DEBUG Horse: Создание Horse, имя [Horse_25], скорость [3.4206690015893977]
2025-12-10 18:32:42,970 DEBUG Horse: Создание Horse, имя [Horse_26], скорость [3.231049529136796]
2025-12-10 18:32:42,970 DEBUG Horse: Создание Horse, имя [Horse_27], скорость [2.469027832388932]
2025-12-10 18:32:42,970 DEBUG Horse: Создание Horse, имя [Horse_28], скорость [3.4371140482927283]
2025-12-10 18:32:42,970 DEBUG Horse: Создание Horse, имя [Horse_29], скорость [3.6166132430277855]
2025-12-10 18:32:42,970 DEBUG Horse: Создание Horse, имя [Horse_30], скорость [3.595736066886016]
2025-12-10 18:32:42,970 DEBUG Hippodrome: Создание Hippodrome, лошадей [30]
2025-12-10 18:32:42,973 ERROR Hippodrome: Horse: Name is blank
2025-12-10 18:33:52,499 ERROR Hippodrome: Horse: Name is null
2025-12-10 18:33:52,526 ERROR Hippodrome: Horse: Name is blank
2025-12-10 18:33:52,528 ERROR Hippodrome: Horse: Name is null
2025-12-10 18:33:53,336 DEBUG Horse: Создание Horse, имя [Horse_1], скорость [2.7613579675926117]
2025-12-10 18:33:53,337 DEBUG Horse: Создание Horse, имя [Horse_2], скорость [3.2064035129717516]
2025-12-10 18:33:53,337 DEBUG Horse: Создание Horse, имя [Horse_3], скорость [3.664444632479431]
2025-12-10 18:33:53,337 DEBUG Horse: Создание Horse, имя [Horse_4], скорость [2.840779848870562]
2025-12-10 18:33:53,337 DEBUG Horse: Создание Horse, имя [Horse_5], скорость [3.45300107245934]
2025-12-10 18:33:53,337 DEBUG Horse: Создание Horse, имя [Horse_6], скорость [3.342878948143092]
2025-12-10 18:33:53,338 DEBUG Horse: Создание Horse, имя [Horse_7], скорость [2.603736062485571]
2025-12-10 18:33:53,338 DEBUG Horse: Создание Horse, имя [Horse_8], скорость [2.179027749139774]
2025-12-10 18:33:53,338 DEBUG Horse: Создание Horse, имя [Horse_9], скорость [3.5471604010843825]
2025-12-10 18:33:53,338 DEBUG Horse: Создание Horse, имя [Horse_10], скорость [3.8470455021378798]
2025-12-10 18:33:53,338 DEBUG Horse: Создание Horse, имя [Horse_11], скорость [3.178480817308306]
2025-12-10 18:33:53,339 DEBUG Horse: Создание Horse, имя [Horse_12], скорость [3.6077405493472243]
2025-12-10 18:33:53,339 DEBUG Horse: Создание Horse, имя [Horse_13], скорость [2.2146938178920106]
2025-12-10 18:33:53,339 DEBUG Horse: Создание Horse, имя [Horse_14], скорость [2.5269580961961573]
2025-12-10 18:33:53,339 DEBUG Horse: Создание Horse, имя [Horse_15], скорость [2.857482603736967]
2025-12-10 18:33:53,339 DEBUG Horse: Создание Horse, имя [Horse_16], скорость [2.6697285869616456]
2025-12-10 18:33:53,339 DEBUG Horse: Создание Horse, имя [Horse_17], скорость [2.491058257034188]
2025-12-10 18:33:53,339 DEBUG Horse: Создание Horse, имя [Horse_18], скорость [3.6091789628845303]
2025-12-10 18:33:53,340 DEBUG Horse: Создание Horse, имя [Horse_19], скорость [2.911795406954817]
2025-12-10 18:33:53,340 DEBUG Horse: Создание Horse, имя [Horse_20], скорость [2.354223437064796]
2025-12-10 18:33:53,340 DEBUG Horse: Создание Horse, имя [Horse_21], скорость [3.2918409972497504]
2025-12-10 18:33:53,340 DEBUG Horse: Создание Horse, имя [Horse_22], скорость [2.504219474724167]
2025-12-10 18:33:53,340 DEBUG Horse: Создание Horse, имя [Horse_23], скорость [2.6925313878616297]
2025-12-10 18:33:53,340 DEBUG Horse: Создание Horse, имя [Horse_24], скорость [2.8295904891512285]
2025-12-10 18:33:53,340 DEBUG Horse: Создание Horse, имя [Horse_25], скорость [3.467385588519896]
2025-12-10 18:33:53,341 DEBUG Horse: Создание Horse, имя [Horse_26], скорость [2.7599570807439475]
2025-12-10 18:33:53,341 DEBUG Horse: Создание Horse, имя [Horse_27], скорость [2.8618565903335718]
2025-12-10 18:33:53,341 DEBUG Horse: Создание Horse, имя [Horse_28], скорость [3.4219085517952035]
2025-12-10 18:33:53,341 DEBUG Horse: Создание Horse, имя [Horse_29], скорость [3.0923747638875883]
2025-12-10 18:33:53,341 DEBUG Horse: Создание Horse, имя [Horse_30], скорость [2.1747679248044083]
2025-12-10 18:33:53,341 DEBUG Hippodrome: Создание Hippodrome, лошадей [30]
2025-12-10 18:33:53,347 ERROR Hippodrome: Horse: Name is blank
2025-12-10 18:36:37,145 ERROR Hippodrome: Horse: Name is null
2025-12-10 18:36:37,174 ERROR Hippodrome: Horse: Name is blank
2025-12-10 18:36:37,177 ERROR Hippodrome: Horse: Name is null
2025-12-10 18:36:37,993 DEBUG Horse: Создание Horse, имя [Horse_1], скорость [3.778266054594715]
2025-12-10 18:36:37,994 DEBUG Horse: Создание Horse, имя [Horse_2], скорость [2.8786899130893806]
2025-12-10 18:36:37,994 DEBUG Horse: Создание Horse, имя [Horse_3], скорость [3.83222107790806]
2025-12-10 18:36:37,994 DEBUG Horse: Создание Horse, имя [Horse_4], скорость [3.5583779652695133]
2025-12-10 18:36:37,995 DEBUG Horse: Создание Horse, имя [Horse_5], скорость [2.9166737427895812]
2025-12-10 18:36:37,995 DEBUG Horse: Создание Horse, имя [Horse_6], скорость [2.3210763183749994]
2025-12-10 18:36:37,995 DEBUG Horse: Создание Horse, имя [Horse_7], скорость [2.497760600671188]
2025-12-10 18:36:37,995 DEBUG Horse: Создание Horse, имя [Horse_8], скорость [2.345430957800332]
2025-12-10 18:36:37,995 DEBUG Horse: Создание Horse, имя [Horse_9], скорость [2.7428767087922927]
2025-12-10 18:36:37,995 DEBUG Horse: Создание Horse, имя [Horse_10], скорость [2.8833120175997267]
2025-12-10 18:36:37,996 DEBUG Horse: Создание Horse, имя [Horse_11], скорость [2.8825323169920454]
2025-12-10 18:36:37,996 DEBUG Horse: Создание Horse, имя [Horse_12], скорость [2.9322198407750433]
2025-12-10 18:36:37,997 DEBUG Horse: Создание Horse, имя [Horse_13], скорость [3.215165316369385]
2025-12-10 18:36:37,997 DEBUG Horse: Создание Horse, имя [Horse_14], скорость [3.572424007555032]
2025-12-10 18:36:37,997 DEBUG Horse: Создание Horse, имя [Horse_15], скорость [2.313435239181947]
2025-12-10 18:36:37,998 DEBUG Horse: Создание Horse, имя [Horse_16], скорость [3.439459212055855]
2025-12-10 18:36:37,998 DEBUG Horse: Создание Horse, имя [Horse_17], скорость [2.6436078904138944]
2025-12-10 18:36:37,998 DEBUG Horse: Создание Horse, имя [Horse_18], скорость [3.270931704751621]
2025-12-10 18:36:37,999 DEBUG Horse: Создание Horse, имя [Horse_19], скорость [2.910111660586979]
2025-12-10 18:36:37,999 DEBUG Horse: Создание Horse, имя [Horse_20], скорость [2.223128490406282]
2025-12-10 18:36:37,999 DEBUG Horse: Создание Horse, имя [Horse_21], скорость [3.612158379700214]
2025-12-10 18:36:38,000 DEBUG Horse: Создание Horse, имя [Horse_22], скорость [2.5277462040155325]
2025-12-10 18:36:38,000 DEBUG Horse: Создание Horse, имя [Horse_23], скорость [2.7066786321771774]
2025-12-10 18:36:38,000 DEBUG Horse: Создание Horse, имя [Horse_24], скорость [2.6634953726114396]
2025-12-10 18:36:38,000 DEBUG Horse: Создание Horse, имя [Horse_25], скорость [2.101174095649352]
2025-12-10 18:36:38,000 DEBUG Horse: Создание Horse, имя [Horse_26], скорость [2.443966126882202]
2025-12-10 18:36:38,000 DEBUG Horse: Создание Horse, имя [Horse_27], скорость [2.672142792556971]
2025-12-10 18:36:38,000 DEBUG Horse: Создание Horse, имя [Horse_28], скорость [3.945794837880811]
2025-12-10 18:36:38,001 DEBUG Horse: Создание Horse, имя [Horse_29], скорость [2.3714411863234215]
2025-12-10 18:36:38,001 DEBUG Horse: Создание Horse, имя [Horse_30], скорость [3.9749194290895575]
2025-12-10 18:36:38,001 DEBUG Hippodrome: Создание Hippodrome, лошадей [30]
2025-12-10 18:36:38,006 ERROR Hippodrome: Horse: Name is blank
2025-12-10 18:37:28,330 ERROR Hippodrome: Horse: Name is null
2025-12-10 18:37:28,355 ERROR Hippodrome: Horse: Name is blank
2025-12-10 18:37:28,358 ERROR Hippodrome: Horse: Name is null
2025-12-10 18:37:28,378 DEBUG Horse: Создание Horse, имя [Horse_0], скорость [2.0]
2025-12-10 18:37:29,142 DEBUG Horse: Создание Horse, имя [Horse_1], скорость [3.7691326785856134]
2025-12-10 18:37:29,143 DEBUG Horse: Создание Horse, имя [Horse_2], скорость [3.955805001261084]
2025-12-10 18:37:29,143 DEBUG Horse: Создание Horse, имя [Horse_3], скорость [3.5821388789103734]
2025-12-10 18:37:29,143 DEBUG Horse: Создание Horse, имя [Horse_4], скорость [3.643466000418023]
2025-12-10 18:37:29,143 DEBUG Horse: Создание Horse, имя [Horse_5], скорость [2.1048436833437103]
2025-12-10 18:37:29,143 DEBUG Horse: Создание Horse, имя [Horse_6], скорость [3.4137699218935866]
2025-12-10 18:37:29,143 DEBUG Horse: Создание Horse, имя [Horse_7], скорость [3.7696370677867534]
2025-12-10 18:37:29,143 DEBUG Horse: Создание Horse, имя [Horse_8], скорость [2.1899246155429672]
2025-12-10 18:37:29,143 DEBUG Horse: Создание Horse, имя [Horse_9], скорость [2.717967587171028]
2025-12-10 18:37:29,143 DEBUG Horse: Создание Horse, имя [Horse_10], скорость [3.689570880058339]
2025-12-10 18:37:29,143 DEBUG Horse: Создание Horse, имя [Horse_11], скорость [2.2029704271100456]
2025-12-10 18:37:29,145 DEBUG Horse: Создание Horse, имя [Horse_12], скорость [3.6898205844743015]
2025-12-10 18:37:29,145 DEBUG Horse: Создание Horse, имя [Horse_13], скорость [2.396604268620374]
2025-12-10 18:37:29,145 DEBUG Horse: Создание Horse, имя [Horse_14], скорость [2.4965391566565804]
2025-12-10 18:37:29,145 DEBUG Horse: Создание Horse, имя [Horse_15], скорость [2.1956277733254]
2025-12-10 18:37:29,145 DEBUG Horse: Создание Horse, имя [Horse_16], скорость [2.508151016637603]
2025-12-10 18:37:29,146 DEBUG Horse: Создание Horse, имя [Horse_17], скорость [3.618189699186682]
2025-12-10 18:37:29,146 DEBUG Horse: Создание Horse, имя [Horse_18], скорость [2.9529130744654837]
2025-12-10 18:37:29,146 DEBUG Horse: Создание Horse, имя [Horse_19], скорость [2.181155258254713]
2025-12-10 18:37:29,146 DEBUG Horse: Создание Horse, имя [Horse_20], скорость [3.474618495515828]
2025-12-10 18:37:29,146 DEBUG Horse: Создание Horse, имя [Horse_21], скорость [2.0307434817059478]
2025-12-10 18:37:29,146 DEBUG Horse: Создание Horse, имя [Horse_22], скорость [2.4813845398759007]
2025-12-10 18:37:29,146 DEBUG Horse: Создание Horse, имя [Horse_23], скорость [3.380066278141877]
2025-12-10 18:37:29,146 DEBUG Horse: Создание Horse, имя [Horse_24], скорость [3.573126307641101]
2025-12-10 18:37:29,146 DEBUG Horse: Создание Horse, имя [Horse_25], скорость [3.332433559514118]
2025-12-10 18:37:29,146 DEBUG Horse: Создание Horse, имя [Horse_26], скорость [2.2243490886581503]
2025-12-10 18:37:29,147 DEBUG Horse: Создание Horse, имя [Horse_27], скорость [3.815782630136633]
2025-12-10 18:37:29,147 DEBUG Horse: Создание Horse, имя [Horse_28], скорость [3.8000832855690145]
2025-12-10 18:37:29,147 DEBUG Horse: Создание Horse, имя [Horse_29], скорость [2.029499975308691]
2025-12-10 18:37:29,147 DEBUG Horse: Создание Horse, имя [Horse_30], скорость [2.2854667416701844]
2025-12-10 18:37:29,147 DEBUG Hippodrome: Создание Hippodrome, лошадей [30]
2025-12-10 18:37:29,158 ERROR Hippodrome: Horse: Name is blank
2025-12-10 18:38:10,496 DEBUG Horse: Создание Horse, имя [Horse_0], скорость [2.0]
2025-12-10 18:38:10,498 DEBUG Horse: Создание Horse, имя [Horse_1], скорость [2.1]
2025-12-10 18:38:10,499 DEBUG Horse: Создание Horse, имя [Horse_2], скорость [2.2]
2025-12-10 18:38:10,499 DEBUG Horse: Создание Horse, имя [Horse_3], скорость [2.3]
2025-12-10 18:38:10,499 DEBUG Horse: Создание Horse, имя [Horse_4], скорость [2.4]
2025-12-10 18:38:10,499 DEBUG Horse: Создание Horse, имя [Horse_5], скорость [2.5]
2025-12-10 18:38:10,499 DEBUG Horse: Создание Horse, имя [Horse_6], скорость [2.6]
2025-12-10 18:38:10,499 DEBUG Horse: Создание Horse, имя [Horse_7], скорость [2.7]
2025-12-10 18:38:10,499 DEBUG Horse: Создание Horse, имя [Horse_8], скорость [2.8]
2025-12-10 18:38:10,499 DEBUG Horse: Создание Horse, имя [Horse_9], скорость [2.9]
2025-12-10 18:38:10,500 DEBUG Horse: Создание Horse, имя [Horse_10], скорость [3.0]
2025-12-10 18:38:10,500 DEBUG Horse: Создание Horse, имя [Horse_11], скорость [3.1]
2025-12-10 18:38:10,500 DEBUG Horse: Создание Horse, имя [Horse_12], скорость [3.2]
2025-12-10 18:38:10,500 DEBUG Horse: Создание Horse, имя [Horse_13], скорость [3.3]
2025-12-10 18:38:10,500 DEBUG Horse: Создание Horse, имя [Horse_14], скорость [3.4000000000000004]
2025-12-10 18:38:10,500 DEBUG Horse: Создание Horse, имя [Horse_15], скорость [3.5]
2025-12-10 18:38:10,500 DEBUG Horse: Создание Horse, имя [Horse_16], скорость [3.6]
2025-12-10 18:38:10,500 DEBUG Horse: Создание Horse, имя [Horse_17], скорость [3.7]
2025-12-10 18:38:10,500 DEBUG Horse: Создание Horse, имя [Horse_18], скорость [3.8]
2025-12-10 18:38:10,501 DEBUG Horse: Создание Horse, имя [Horse_19], скорость [3.9000000000000004]
2025-12-10 18:38:10,501 DEBUG Horse: Создание Horse, имя [Horse_20], скорость [4.0]
2025-12-10 18:38:10,501 DEBUG Horse: Создание Horse, имя [Horse_21], скорость [4.1]
2025-12-10 18:38:10,501 DEBUG Horse: Создание Horse, имя [Horse_22], скорость [4.2]
2025-12-10 18:38:10,501 DEBUG Horse: Создание Horse, имя [Horse_23], скорость [4.300000000000001]
2025-12-10 18:38:10,501 DEBUG Horse: Создание Horse, имя [Horse_24], скорость [4.4]
2025-12-10 18:38:10,501 DEBUG Horse: Создание Horse, имя [Horse_25], скорость [4.5]
2025-12-10 18:38:10,501 DEBUG Horse: Создание Horse, имя [Horse_26], скорость [4.6]
2025-12-10 18:38:10,501 DEBUG Horse: Создание Horse, имя [Horse_27], скорость [4.7]
2025-12-10 18:38:10,501 DEBUG Horse: Создание Horse, имя [Horse_28], скорость [4.800000000000001]
2025-12-10 18:38:10,501 DEBUG Horse: Создание Horse, имя [Horse_29], скорость [4.9]
2025-12-10 18:38:10,502 DEBUG Horse: Создание Horse, имя [Horse_30], скорость [5.0]
2025-12-10 18:38:10,502 DEBUG Horse: Создание Horse, имя [Horse_31], скорость [5.1]
2025-12-10 18:38:10,502 DEBUG Horse: Создание Horse, имя [Horse_32], скорость [5.2]
2025-12-10 18:38:10,502 DEBUG Horse: Создание Horse, имя [Horse_33], скорость [5.300000000000001]
2025-12-10 18:38:10,502 DEBUG Horse: Создание Horse, имя [Horse_34], скорость [5.4]
2025-12-10 18:38:10,502 DEBUG Horse: Создание Horse, имя [Horse_35], скорость [5.5]
2025-12-10 18:38:10,502 DEBUG Horse: Создание Horse, имя [Horse_36], скорость [5.6]
2025-12-10 18:38:10,502 DEBUG Horse: Создание Horse, имя [Horse_37], скорость [5.7]
2025-12-10 18:38:10,502 DEBUG Horse: Создание Horse, имя [Horse_38], скорость [5.800000000000001]
2025-12-10 18:38:10,502 DEBUG Horse: Создание Horse, имя [Horse_39], скорость [5.9]
2025-12-10 18:38:10,502 DEBUG Horse: Создание Horse, имя [Horse_40], скорость [6.0]
2025-12-10 18:38:10,503 DEBUG Horse: Создание Horse, имя [Horse_41], скорость [6.1000000000000005]
2025-12-10 18:38:10,503 DEBUG Horse: Создание Horse, имя [Horse_42], скорость [6.2]
2025-12-10 18:38:10,503 DEBUG Horse: Создание Horse, имя [Horse_43], скорость [6.3]
2025-12-10 18:38:10,503 DEBUG Horse: Создание Horse, имя [Horse_44], скорость [6.4]
2025-12-10 18:38:10,503 DEBUG Horse: Создание Horse, имя [Horse_45], скорость [6.5]
2025-12-10 18:38:10,503 DEBUG Horse: Создание Horse, имя [Horse_46], скорость [6.6000000000000005]
2025-12-10 18:38:10,503 DEBUG Horse: Создание Horse, имя [Horse_47], скорость [6.7]
2025-12-10 18:38:10,503 DEBUG Horse: Создание Horse, имя [Horse_48], скорость [6.800000000000001]
2025-12-10 18:38:10,503 DEBUG Horse: Создание Horse, имя [Horse_49], скорость [6.9]
2025-12-10 18:38:10,504 DEBUG Hippodrome: Создание Hippodrome, лошадей [50]
2025-12-10 18:38:17,081 DEBUG Horse: Создание Horse, имя [Horse_0], скорость [2.0]
2025-12-10 18:38:17,085 DEBUG Horse: Создание Horse, имя [Horse_1], скорость [2.1]
2025-12-10 18:38:17,085 DEBUG Horse: Создание Horse, имя [Horse_2], скорость [2.2]
2025-12-10 18:38:17,085 DEBUG Horse: Создание Horse, имя [Horse_3], скорость [2.3]
2025-12-10 18:38:17,085 DEBUG Horse: Создание Horse, имя [Horse_4], скорость [2.4]
2025-12-10 18:38:17,085 DEBUG Horse: Создание Horse, имя [Horse_5], скорость [2.5]
2025-12-10 18:38:17,086 DEBUG Horse: Создание Horse, имя [Horse_6], скорость [2.6]
2025-12-10 18:38:17,086 DEBUG Horse: Создание Horse, имя [Horse_7], скорость [2.7]
2025-12-10 18:38:17,086 DEBUG Horse: Создание Horse, имя [Horse_8], скорость [2.8]
2025-12-10 18:38:17,086 DEBUG Horse: Создание Horse, имя [Horse_9], скорость [2.9]
2025-12-10 18:38:17,086 DEBUG Horse: Создание Horse, имя [Horse_10], скорость [3.0]
2025-12-10 18:38:17,086 DEBUG Horse: Создание Horse, имя [Horse_11], скорость [3.1]
2025-12-10 18:38:17,086 DEBUG Horse: Создание Horse, имя [Horse_12], скорость [3.2]
2025-12-10 18:38:17,086 DEBUG Horse: Создание Horse, имя [Horse_13], скорость [3.3]
2025-12-10 18:38:17,086 DEBUG Horse: Создание Horse, имя [Horse_14], скорость [3.4000000000000004]
2025-12-10 18:38:17,087 DEBUG Horse: Создание Horse, имя [Horse_15], скорость [3.5]
2025-12-10 18:38:17,087 DEBUG Horse: Создание Horse, имя [Horse_16], скорость [3.6]
2025-12-10 18:38:17,087 DEBUG Horse: Создание Horse, имя [Horse_17], скорость [3.7]
2025-12-10 18:38:17,087 DEBUG Horse: Создание Horse, имя [Horse_18], скорость [3.8]
2025-12-10 18:38:17,087 DEBUG Horse: Создание Horse, имя [Horse_19], скорость [3.9000000000000004]
2025-12-10 18:38:17,087 DEBUG Horse: Создание Horse, имя [Horse_20], скорость [4.0]
2025-12-10 18:38:17,087 DEBUG Horse: Создание Horse, имя [Horse_21], скорость [4.1]
2025-12-10 18:38:17,087 DEBUG Horse: Создание Horse, имя [Horse_22], скорость [4.2]
2025-12-10 18:38:17,087 DEBUG Horse: Создание Horse, имя [Horse_23], скорость [4.300000000000001]
2025-12-10 18:38:17,087 DEBUG Horse: Создание Horse, имя [Horse_24], скорость [4.4]
2025-12-10 18:38:17,087 DEBUG Horse: Создание Horse, имя [Horse_25], скорость [4.5]
2025-12-10 18:38:17,087 DEBUG Horse: Создание Horse, имя [Horse_26], скорость [4.6]
2025-12-10 18:38:17,088 DEBUG Horse: Создание Horse, имя [Horse_27], скорость [4.7]
2025-12-10 18:38:17,088 DEBUG Horse: Создание Horse, имя [Horse_28], скорость [4.800000000000001]
2025-12-10 18:38:17,088 DEBUG Horse: Создание Horse, имя [Horse_29], скорость [4.9]
2025-12-10 18:38:17,088 DEBUG Horse: Создание Horse, имя [Horse_30], скорость [5.0]
2025-12-10 18:38:17,088 DEBUG Horse: Создание Horse, имя [Horse_31], скорость [5.1]
2025-12-10 18:38:17,088 DEBUG Horse: Создание Horse, имя [Horse_32], скорость [5.2]
2025-12-10 18:38:17,088 DEBUG Horse: Создание Horse, имя [Horse_33], скорость [5.300000000000001]
2025-12-10 18:38:17,088 DEBUG Horse: Создание Horse, имя [Horse_34], скорость [5.4]
2025-12-10 18:38:17,088 DEBUG Horse: Создание Horse, имя [Horse_35], скорость [5.5]
2025-12-10 18:38:17,088 DEBUG Horse: Создание Horse, имя [Horse_36], скорость [5.6]
2025-12-10 18:38:17,088 DEBUG Horse: Создание Horse, имя [Horse_37], скорость [5.7]
2025-12-10 18:38:17,089 DEBUG Horse: Создание Horse, имя [Horse_38], скорость [5.800000000000001]
2025-12-10 18:38:17,089 DEBUG Horse: Создание Horse, имя [Horse_39], скорость [5.9]
2025-12-10 18:38:17,089 DEBUG Horse: Создание Horse, имя [Horse_40], скорость [6.0]
2025-12-10 18:38:17,089 DEBUG Horse: Создание Horse, имя [Horse_41], скорость [6.1000000000000005]
2025-12-10 18:38:17,089 DEBUG Horse: Создание Horse, имя [Horse_42], скорость [6.2]
2025-12-10 18:38:17,089 DEBUG Horse: Создание Horse, имя [Horse_43], скорость [6.3]
2025-12-10 18:38:17,089 DEBUG Horse: Создание Horse, имя [Horse_44], скорость [6.4]
2025-12-10 18:38:17,089 DEBUG Horse: Создание Horse, имя [Horse_45], скорость [6.5]
2025-12-10 18:38:17,089 DEBUG Horse: Создание Horse, имя [Horse_46], скорость [6.6000000000000005]
2025-12-10 18:38:17,089 DEBUG Horse: Создание Horse, имя [Horse_47], скорость [6.7]
2025-12-10 18:38:17,090 DEBUG Horse: Создание Horse, имя [Horse_48], скорость [6.800000000000001]
2025-12-10 18:38:17,090 DEBUG Horse: Создание Horse, имя [Horse_49], скорость [6.9]
2025-12-10 18:38:17,090 DEBUG Hippodrome: Создание Hippodrome, лошадей [50]
2025-12-10 18:38:29,865 ERROR Hippodrome: Horse: Name is null
2025-12-10 18:38:29,892 ERROR Hippodrome: Horse: Name is blank
2025-12-10 18:38:29,895 ERROR Hippodrome: Horse: Name is null
2025-12-10 18:38:29,914 DEBUG Horse: Создание Horse, имя [Horse_0], скорость [2.0]
2025-12-10 18:38:29,914 DEBUG Horse: Создание Horse, имя [Horse_1], скорость [2.1]
2025-12-10 18:38:29,915 DEBUG Horse: Создание Horse, имя [Horse_2], скорость [2.2]
2025-12-10 18:38:29,915 DEBUG Horse: Создание Horse, имя [Horse_3], скорость [2.3]
2025-12-10 18:38:29,915 DEBUG Horse: Создание Horse, имя [Horse_4], скорость [2.4]
2025-12-10 18:38:29,915 DEBUG Horse: Создание Horse, имя [Horse_5], скорость [2.5]
2025-12-10 18:38:29,915 DEBUG Horse: Создание Horse, имя [Horse_6], скорость [2.6]
2025-12-10 18:38:29,915 DEBUG Horse: Создание Horse, имя [Horse_7], скорость [2.7]
2025-12-10 18:38:29,915 DEBUG Horse: Создание Horse, имя [Horse_8], скорость [2.8]
2025-12-10 18:38:29,915 DEBUG Horse: Создание Horse, имя [Horse_9], скорость [2.9]
2025-12-10 18:38:29,915 DEBUG Horse: Создание Horse, имя [Horse_10], скорость [3.0]
2025-12-10 18:38:29,915 DEBUG Horse: Создание Horse, имя [Horse_11], скорость [3.1]
2025-12-10 18:38:29,916 DEBUG Horse: Создание Horse, имя [Horse_12], скорость [3.2]
2025-12-10 18:38:29,916 DEBUG Horse: Создание Horse, имя [Horse_13], скорость [3.3]
2025-12-10 18:38:29,916 DEBUG Horse: Создание Horse, имя [Horse_14], скорость [3.4000000000000004]
2025-12-10 18:38:29,916 DEBUG Horse: Создание Horse, имя [Horse_15], скорость [3.5]
2025-12-10 18:38:29,916 DEBUG Horse: Создание Horse, имя [Horse_16], скорость [3.6]
2025-12-10 18:38:29,916 DEBUG Horse: Создание Horse, имя [Horse_17], скорость [3.7]
2025-12-10 18:38:29,916 DEBUG Horse: Создание Horse, имя [Horse_18], скорость [3.8]
2025-12-10 18:38:29,916 DEBUG Horse: Создание Horse, имя [Horse_19], скорость [3.9000000000000004]
2025-12-10 18:38:29,916 DEBUG Horse: Создание Horse, имя [Horse_20], скорость [4.0]
2025-12-10 18:38:29,916 DEBUG Horse: Создание Horse, имя [Horse_21], скорость [4.1]
2025-12-10 18:38:29,917 DEBUG Horse: Создание Horse, имя [Horse_22], скорость [4.2]
2025-12-10 18:38:29,917 DEBUG Horse: Создание Horse, имя [Horse_23], скорость [4.300000000000001]
2025-12-10 18:38:29,917 DEBUG Horse: Создание Horse, имя [Horse_24], скорость [4.4]
2025-12-10 18:38:29,917 DEBUG Horse: Создание Horse, имя [Horse_25], скорость [4.5]
2025-12-10 18:38:29,917 DEBUG Horse: Создание Horse, имя [Horse_26], скорость [4.6]
2025-12-10 18:38:29,917 DEBUG Horse: Создание Horse, имя [Horse_27], скорость [4.7]
2025-12-10 18:38:29,917 DEBUG Horse: Создание Horse, имя [Horse_28], скорость [4.800000000000001]
2025-12-10 18:38:29,917 DEBUG Horse: Создание Horse, имя [Horse_29], скорость [4.9]
2025-12-10 18:38:29,917 DEBUG Horse: Создание Horse, имя [Horse_30], скорость [5.0]
2025-12-10 18:38:29,918 DEBUG Horse: Создание Horse, имя [Horse_31], скорость [5.1]
2025-12-10 18:38:29,918 DEBUG Horse: Создание Horse, имя [Horse_32], скорость [5.2]
2025-12-10 18:38:29,918 DEBUG Horse: Создание Horse, имя [Horse_33], скорость [5.300000000000001]
2025-12-10 18:38:29,918 DEBUG Horse: Создание Horse, имя [Horse_34], скорость [5.4]
2025-12-10 18:38:29,918 DEBUG Horse: Создание Horse, имя [Horse_35], скорость [5.5]
2025-12-10 18:38:29,918 DEBUG Horse: Создание Horse, имя [Horse_36], скорость [5.6]
2025-12-10 18:38:29,918 DEBUG Horse: Создание Horse, имя [Horse_37], скорость [5.7]
2025-12-10 18:38:29,918 DEBUG Horse: Создание Horse, имя [Horse_38], скорость [5.800000000000001]
2025-12-10 18:38:29,918 DEBUG Horse: Создание Horse, имя [Horse_39], скорость [5.9]
2025-12-10 18:38:29,918 DEBUG Horse: Создание Horse, имя [Horse_40], скорость [6.0]
2025-12-10 18:38:29,918 DEBUG Horse: Создание Horse, имя [Horse_41], скорость [6.1000000000000005]
2025-12-10 18:38:29,919 DEBUG Horse: Создание Horse, имя [Horse_42], скорость [6.2]
2025-12-10 18:38:29,919 DEBUG Horse: Создание Horse, имя [Horse_43], скорость [6.3]
2025-12-10 18:38:29,919 DEBUG Horse: Создание Horse, имя [Horse_44], скорость [6.4]
2025-12-10 18:38:29,919 DEBUG Horse: Создание Horse, имя [Horse_45], скорость [6.5]
2025-12-10 18:38:29,919 DEBUG Horse: Создание Horse, имя [Horse_46], скорость [6.6000000000000005]
2025-12-10 18:38:29,919 DEBUG Horse: Создание Horse, имя [Horse_47], скорость [6.7]
2025-12-10 18:38:29,919 DEBUG Horse: Создание Horse, имя [Horse_48], скорость [6.800000000000001]
2025-12-10 18:38:29,919 DEBUG Horse: Создание Horse, имя [Horse_49], скорость [6.9]
2025-12-10 18:38:29,919 DEBUG Hippodrome: Создание Hippodrome, лошадей [50]
2025-12-10 18:38:29,923 DEBUG Horse: Создание Horse, имя [Horse_1], скорость [2.333640311412712]
2025-12-10 18:38:29,924 DEBUG Horse: Создание Horse, имя [Horse_2], скорость [3.1860268648610592]
2025-12-10 18:38:29,924 DEBUG Horse: Создание Horse, имя [Horse_3], скорость [3.0924867590514635]
2025-12-10 18:38:29,924 DEBUG Horse: Создание Horse, имя [Horse_4], скорость [2.9918086876828296]
2025-12-10 18:38:29,924 DEBUG Horse: Создание Horse, имя [Horse_5], скорость [2.9550214231325977]
2025-12-10 18:38:29,924 DEBUG Horse: Создание Horse, имя [Horse_6], скорость [3.3491995878495766]
2025-12-10 18:38:29,924 DEBUG Horse: Создание Horse, имя [Horse_7], скорость [2.754158218789562]
2025-12-10 18:38:29,924 DEBUG Horse: Создание Horse, имя [Horse_8], скорость [2.3998375087945494]
2025-12-10 18:38:29,924 DEBUG Horse: Создание Horse, имя [Horse_9], скорость [3.4348991077852618]
2025-12-10 18:38:29,925 DEBUG Horse: Создание Horse, имя [Horse_10], скорость [3.8679259203837644]
2025-12-10 18:38:29,925 DEBUG Horse: Создание Horse, имя [Horse_11], скорость [2.4856336130611933]
2025-12-10 18:38:29,925 DEBUG Horse: Создание Horse, имя [Horse_12], скорость [2.172724604383838]
2025-12-10 18:38:29,925 DEBUG Horse: Создание Horse, имя [Horse_13], скорость [3.144460049629262]
2025-12-10 18:38:29,926 DEBUG Horse: Создание Horse, имя [Horse_14], скорость [3.161058838786618]
2025-12-10 18:38:29,926 DEBUG Horse: Создание Horse, имя [Horse_15], скорость [2.6417055642526206]
2025-12-10 18:38:29,926 DEBUG Horse: Создание Horse, имя [Horse_16], скорость [3.497990637093519]
2025-12-10 18:38:29,926 DEBUG Horse: Создание Horse, имя [Horse_17], скорость [3.131432425102404]
2025-12-10 18:38:29,926 DEBUG Horse: Создание Horse, имя [Horse_18], скорость [2.39229174389543]
2025-12-10 18:38:29,926 DEBUG Horse: Создание Horse, имя [Horse_19], скорость [2.5576197653482304]
2025-12-10 18:38:29,926 DEBUG Horse: Создание Horse, имя [Horse_20], скорость [2.4202193233342957]
2025-12-10 18:38:29,926 DEBUG Horse: Создание Horse, имя [Horse_21], скорость [3.184361206066078]
2025-12-10 18:38:29,926 DEBUG Horse: Создание Horse, имя [Horse_22], скорость [3.138898021145396]
2025-12-10 18:38:29,926 DEBUG Horse: Создание Horse, имя [Horse_23], скорость [2.1145187750742442]
2025-12-10 18:38:29,926 DEBUG Horse: Создание Horse, имя [Horse_24], скорость [3.123185694965475]
2025-12-10 18:38:29,927 DEBUG Horse: Создание Horse, имя [Horse_25], скорость [3.079777278978269]
2025-12-10 18:38:29,927 DEBUG Horse: Создание Horse, имя [Horse_26], скорость [2.4723222039037616]
2025-12-10 18:38:29,927 DEBUG Horse: Создание Horse, имя [Horse_27], скорость [3.8901535933951]
2025-12-10 18:38:29,927 DEBUG Horse: Создание Horse, имя [Horse_28], скорость [2.951259631552685]
2025-12-10 18:38:29,927 DEBUG Horse: Создание Horse, имя [Horse_29], скорость [2.9971846919386103]
2025-12-10 18:38:29,927 DEBUG Horse: Создание Horse, имя [Horse_30], скорость [2.2739263178620712]
2025-12-10 18:38:29,927 DEBUG Hippodrome: Создание Hippodrome, лошадей [30]
2025-12-10 18:38:29,930 ERROR Hippodrome: Horse: Name is blank
2025-12-10 18:39:52,605 ERROR Hippodrome: Horse: Name is null
2025-12-10 18:39:52,631 ERROR Hippodrome: Horse: Name is blank
2025-12-10 18:39:52,634 ERROR Hippodrome: Horse: Name is null
2025-12-10 18:39:52,654 DEBUG Horse: Создание Horse, имя [Horse_0], скорость [2.0]
2025-12-10 18:39:52,654 DEBUG Horse: Создание Horse, имя [Horse_1], скорость [2.1]
2025-12-10 18:39:52,654 DEBUG Horse: Создание Horse, имя [Horse_2], скорость [2.2]
2025-12-10 18:39:52,655 DEBUG Horse: Создание Horse, имя [Horse_3], скорость [2.3]
2025-12-10 18:39:52,655 DEBUG Horse: Создание Horse, имя [Horse_4], скорость [2.4]
2025-12-10 18:39:52,655 DEBUG Horse: Создание Horse, имя [Horse_5], скорость [2.5]
2025-12-10 18:39:52,655 DEBUG Horse: Создание Horse, имя [Horse_6], скорость [2.6]
2025-12-10 18:39:52,655 DEBUG Horse: Создание Horse, имя [Horse_7], скорость [2.7]
2025-12-10 18:39:52,655 DEBUG Horse: Создание Horse, имя [Horse_8], скорость [2.8]
2025-12-10 18:39:52,655 DEBUG Horse: Создание Horse, имя [Horse_9], скорость [2.9]
2025-12-10 18:39:52,655 DEBUG Horse: Создание Horse, имя [Horse_10], скорость [3.0]
2025-12-10 18:39:52,655 DEBUG Horse: Создание Horse, имя [Horse_11], скорость [3.1]
2025-12-10 18:39:52,655 DEBUG Horse: Создание Horse, имя [Horse_12], скорость [3.2]
2025-12-10 18:39:52,655 DEBUG Horse: Создание Horse, имя [Horse_13], скорость [3.3]
2025-12-10 18:39:52,656 DEBUG Horse: Создание Horse, имя [Horse_14], скорость [3.4000000000000004]
2025-12-10 18:39:52,656 DEBUG Horse: Создание Horse, имя [Horse_15], скорость [3.5]
2025-12-10 18:39:52,656 DEBUG Horse: Создание Horse, имя [Horse_16], скорость [3.6]
2025-12-10 18:39:52,656 DEBUG Horse: Создание Horse, имя [Horse_17], скорость [3.7]
2025-12-10 18:39:52,656 DEBUG Horse: Создание Horse, имя [Horse_18], скорость [3.8]
2025-12-10 18:39:52,656 DEBUG Horse: Создание Horse, имя [Horse_19], скорость [3.9000000000000004]
2025-12-10 18:39:52,656 DEBUG Horse: Создание Horse, имя [Horse_20], скорость [4.0]
2025-12-10 18:39:52,656 DEBUG Horse: Создание Horse, имя [Horse_21], скорость [4.1]
2025-12-10 18:39:52,656 DEBUG Horse: Создание Horse, имя [Horse_22], скорость [4.2]
2025-12-10 18:39:52,656 DEBUG Horse: Создание Horse, имя [Horse_23], скорость [4.300000000000001]
2025-12-10 18:39:52,657 DEBUG Horse: Создание Horse, имя [Horse_24], скорость [4.4]
2025-12-10 18:39:52,657 DEBUG Horse: Создание Horse, имя [Horse_25], скорость [4.5]
2025-12-10 18:39:52,657 DEBUG Horse: Создание Horse, имя [Horse_26], скорость [4.6]
2025-12-10 18:39:52,657 DEBUG Horse: Создание Horse, имя [Horse_27], скорость [4.7]
2025-12-10 18:39:52,657 DEBUG Horse: Создание Horse, имя [Horse_28], скорость [4.800000000000001]
2025-12-10 18:39:52,657 DEBUG Horse: Создание Horse, имя [Horse_29], скорость [4.9]
2025-12-10 18:39:52,657 DEBUG Horse: Создание Horse, имя [Horse_30], скорость [5.0]
2025-12-10 18:39:52,657 DEBUG Horse: Создание Horse, имя [Horse_31], скорость [5.1]
2025-12-10 18:39:52,657 DEBUG Horse: Создание Horse, имя [Horse_32], скорость [5.2]
2025-12-10 18:39:52,657 DEBUG Horse: Создание Horse, имя [Horse_33], скорость [5.300000000000001]
2025-12-10 18:39:52,657 DEBUG Horse: Создание Horse, имя [Horse_34], скорость [5.4]
2025-12-10 18:39:52,658 DEBUG Horse: Создание Horse, имя [Horse_35], скорость [5.5]
2025-12-10 18:39:52,658 DEBUG Horse: Создание Horse, имя [Horse_36], скорость [5.6]
2025-12-10 18:39:52,658 DEBUG Horse: Создание Horse, имя [Horse_37], скорость [5.7]
2025-12-10 18:39:52,658 DEBUG Horse: Создание Horse, имя [Horse_38], скорость [5.800000000000001]
2025-12-10 18:39:52,658 DEBUG Horse: Создание Horse, имя [Horse_39], скорость [5.9]
2025-12-10 18:39:52,658 DEBUG Horse: Создание Horse, имя [Horse_40], скорость [6.0]
2025-12-10 18:39:52,658 DEBUG Horse: Создание Horse, имя [Horse_41], скорость [6.1000000000000005]
2025-12-10 18:39:52,658 DEBUG Horse: Создание Horse, имя [Horse_42], скорость [6.2]
2025-12-10 18:39:52,658 DEBUG Horse: Создание Horse, имя [Horse_43], скорость [6.3]
2025-12-10 18:39:52,658 DEBUG Horse: Создание Horse, имя [Horse_44], скорость [6.4]
2025-12-10 18:39:52,659 DEBUG Horse: Создание Horse, имя [Horse_45], скорость [6.5]
2025-12-10 18:39:52,659 DEBUG Horse: Создание Horse, имя [Horse_46], скорость [6.6000000000000005]
2025-12-10 18:39:52,659 DEBUG Horse: Создание Horse, имя [Horse_47], скорость [6.7]
2025-12-10 18:39:52,659 DEBUG Horse: Создание Horse, имя [Horse_48], скорость [6.800000000000001]
2025-12-10 18:39:52,659 DEBUG Horse: Создание Horse, имя [Horse_49], скорость [6.9]
2025-12-10 18:39:52,659 DEBUG Hippodrome: Создание Hippodrome, лошадей [50]
2025-12-10 18:39:52,663 DEBUG Horse: Создание Horse, имя [Horse_1], скорость [2.6499216724092585]
2025-12-10 18:39:52,663 DEBUG Horse: Создание Horse, имя [Horse_2], скорость [2.5297640268112103]
2025-12-10 18:39:52,663 DEBUG Horse: Создание Horse, имя [Horse_3], скорость [2.4610989615153382]
2025-12-10 18:39:52,663 DEBUG Horse: Создание Horse, имя [Horse_4], скорость [2.2311113464755175]
2025-12-10 18:39:52,663 DEBUG Horse: Создание Horse, имя [Horse_5], скорость [3.254660738947263]
2025-12-10 18:39:52,664 DEBUG Horse: Создание Horse, имя [Horse_6], скорость [2.738479549691439]
2025-12-10 18:39:52,664 DEBUG Horse: Создание Horse, имя [Horse_7], скорость [2.1047386563015733]
2025-12-10 18:39:52,664 DEBUG Horse: Создание Horse, имя [Horse_8], скорость [2.63916711665055]
2025-12-10 18:39:52,664 DEBUG Horse: Создание Horse, имя [Horse_9], скорость [3.2029226879832144]
2025-12-10 18:39:52,665 DEBUG Horse: Создание Horse, имя [Horse_10], скорость [3.2744120482773496]
2025-12-10 18:39:52,665 DEBUG Horse: Создание Horse, имя [Horse_11], скорость [2.230594688902536]
2025-12-10 18:39:52,665 DEBUG Horse: Создание Horse, имя [Horse_12], скорость [2.457384581557173]
2025-12-10 18:39:52,665 DEBUG Horse: Создание Horse, имя [Horse_13], скорость [2.9774691630619508]
2025-12-10 18:39:52,666 DEBUG Horse: Создание Horse, имя [Horse_14], скорость [2.5210464803716057]
2025-12-10 18:39:52,666 DEBUG Horse: Создание Horse, имя [Horse_15], скорость [2.7423297346664985]
2025-12-10 18:39:52,666 DEBUG Horse: Создание Horse, имя [Horse_16], скорость [2.104779011656208]
2025-12-10 18:39:52,666 DEBUG Horse: Создание Horse, имя [Horse_17], скорость [2.238968641253036]
2025-12-10 18:39:52,666 DEBUG Horse: Создание Horse, имя [Horse_18], скорость [2.495243385408985]
2025-12-10 18:39:52,666 DEBUG Horse: Создание Horse, имя [Horse_19], скорость [2.220213215375704]
2025-12-10 18:39:52,666 DEBUG Horse: Создание Horse, имя [Horse_20], скорость [2.8559283363328856]
2025-12-10 18:39:52,666 DEBUG Horse: Создание Horse, имя [Horse_21], скорость [3.1401077725693534]
2025-12-10 18:39:52,666 DEBUG Horse: Создание Horse, имя [Horse_22], скорость [2.3288331441790886]
2025-12-10 18:39:52,666 DEBUG Horse: Создание Horse, имя [Horse_23], скорость [2.7445181485126158]
2025-12-10 18:39:52,666 DEBUG Horse: Создание Horse, имя [Horse_24], скорость [2.5695619695895076]
2025-12-10 18:39:52,667 DEBUG Horse: Создание Horse, имя [Horse_25], скорость [3.390589436352829]
2025-12-10 18:39:52,667 DEBUG Horse: Создание Horse, имя [Horse_26], скорость [3.8638442089063085]
2025-12-10 18:39:52,667 DEBUG Horse: Создание Horse, имя [Horse_27], скорость [3.5538203951549394]
2025-12-10 18:39:52,667 DEBUG Horse: Создание Horse, имя [Horse_28], скорость [2.4304730083469943]
2025-12-10 18:39:52,667 DEBUG Horse: Создание Horse, имя [Horse_29], скорость [3.827473536702203]
2025-12-10 18:39:52,667 DEBUG Horse: Создание Horse, имя [Horse_30], скорость [3.9854499271275134]
2025-12-10 18:39:52,667 DEBUG Hippodrome: Создание Hippodrome, лошадей [30]
2025-12-10 18:39:52,670 ERROR Hippodrome: Horse: Name is blank
2025-12-10 18:40:15,170 ERROR Hippodrome: Horse: Name is null
2025-12-10 18:40:15,195 ERROR Hippodrome: Horse: Name is blank
2025-12-10 18:40:15,199 ERROR Hippodrome: Horse: Name is null
2025-12-10 18:40:15,218 DEBUG Horse: Создание Horse, имя [Horse_0], скорость [2.0]
2025-12-10 18:40:15,218 DEBUG Horse: Создание Horse, имя [Horse_1], скорость [2.1]
2025-12-10 18:40:15,218 DEBUG Horse: Создание Horse, имя [Horse_2], скорость [2.2]
2025-12-10 18:40:15,218 DEBUG Horse: Создание Horse, имя [Horse_3], скорость [2.3]
2025-12-10 18:40:15,218 DEBUG Horse: Создание Horse, имя [Horse_4], скорость [2.4]
2025-12-10 18:40:15,218 DEBUG Horse: Создание Horse, имя [Horse_5], скорость [2.5]
2025-12-10 18:40:15,219 DEBUG Horse: Создание Horse, имя [Horse_6], скорость [2.6]
2025-12-10 18:40:15,219 DEBUG Horse: Создание Horse, имя [Horse_7], скорость [2.7]
2025-12-10 18:40:15,219 DEBUG Horse: Создание Horse, имя [Horse_8], скорость [2.8]
2025-12-10 18:40:15,219 DEBUG Horse: Создание Horse, имя [Horse_9], скорость [2.9]
2025-12-10 18:40:15,219 DEBUG Horse: Создание Horse, имя [Horse_10], скорость [3.0]
2025-12-10 18:40:15,219 DEBUG Horse: Создание Horse, имя [Horse_11], скорость [3.1]
2025-12-10 18:40:15,219 DEBUG Horse: Создание Horse, имя [Horse_12], скорость [3.2]
2025-12-10 18:40:15,219 DEBUG Horse: Создание Horse, имя [Horse_13], скорость [3.3]
2025-12-10 18:40:15,219 DEBUG Horse: Создание Horse, имя [Horse_14], скорость [3.4000000000000004]
2025-12-10 18:40:15,219 DEBUG Horse: Создание Horse, имя [Horse_15], скорость [3.5]
2025-12-10 18:40:15,220 DEBUG Horse: Создание Horse, имя [Horse_16], скорость [3.6]
2025-12-10 18:40:15,220 DEBUG Horse: Создание Horse, имя [Horse_17], скорость [3.7]
2025-12-10 18:40:15,220 DEBUG Horse: Создание Horse, имя [Horse_18], скорость [3.8]
2025-12-10 18:40:15,220 DEBUG Horse: Создание Horse, имя [Horse_19], скорость [3.9000000000000004]
2025-12-10 18:40:15,220 DEBUG Horse: Создание Horse, имя [Horse_20], скорость [4.0]
2025-12-10 18:40:15,220 DEBUG Horse: Создание Horse, имя [Horse_21], скорость [4.1]
2025-12-10 18:40:15,220 DEBUG Horse: Создание Horse, имя [Horse_22], скорость [4.2]
2025-12-10 18:40:15,220 DEBUG Horse: Создание Horse, имя [Horse_23], скорость [4.300000000000001]
2025-12-10 18:40:15,220 DEBUG Horse: Создание Horse, имя [Horse_24], скорость [4.4]
2025-12-10 18:40:15,220 DEBUG Horse: Создание Horse, имя [Horse_25], скорость [4.5]
2025-12-10 18:40:15,220 DEBUG Horse: Создание Horse, имя [Horse_26], скорость [4.6]
2025-12-10 18:40:15,221 DEBUG Horse: Создание Horse, имя [Horse_27], скорость [4.7]
2025-12-10 18:40:15,221 DEBUG Horse: Создание Horse, имя [Horse_28], скорость [4.800000000000001]
2025-12-10 18:40:15,221 DEBUG Horse: Создание Horse, имя [Horse_29], скорость [4.9]
2025-12-10 18:40:15,221 DEBUG Horse: Создание Horse, имя [Horse_30], скорость [5.0]
2025-12-10 18:40:15,221 DEBUG Horse: Создание Horse, имя [Horse_31], скорость [5.1]
2025-12-10 18:40:15,221 DEBUG Horse: Создание Horse, имя [Horse_32], скорость [5.2]
2025-12-10 18:40:15,221 DEBUG Horse: Создание Horse, имя [Horse_33], скорость [5.300000000000001]
2025-12-10 18:40:15,221 DEBUG Horse: Создание Horse, имя [Horse_34], скорость [5.4]
2025-12-10 18:40:15,221 DEBUG Horse: Создание Horse, имя [Horse_35], скорость [5.5]
2025-12-10 18:40:15,221 DEBUG Horse: Создание Horse, имя [Horse_36], скорость [5.6]
2025-12-10 18:40:15,221 DEBUG Horse: Создание Horse, имя [Horse_37], скорость [5.7]
2025-12-10 18:40:15,222 DEBUG Horse: Создание Horse, имя [Horse_38], скорость [5.800000000000001]
2025-12-10 18:40:15,222 DEBUG Horse: Создание Horse, имя [Horse_39], скорость [5.9]
2025-12-10 18:40:15,222 DEBUG Horse: Создание Horse, имя [Horse_40], скорость [6.0]
2025-12-10 18:40:15,222 DEBUG Horse: Создание Horse, имя [Horse_41], скорость [6.1000000000000005]
2025-12-10 18:40:15,222 DEBUG Horse: Создание Horse, имя [Horse_42], скорость [6.2]
2025-12-10 18:40:15,222 DEBUG Horse: Создание Horse, имя [Horse_43], скорость [6.3]
2025-12-10 18:40:15,222 DEBUG Horse: Создание Horse, имя [Horse_44], скорость [6.4]
2025-12-10 18:40:15,222 DEBUG Horse: Создание Horse, имя [Horse_45], скорость [6.5]
2025-12-10 18:40:15,222 DEBUG Horse: Создание Horse, имя [Horse_46], скорость [6.6000000000000005]
2025-12-10 18:40:15,222 DEBUG Horse: Создание Horse, имя [Horse_47], скорость [6.7]
2025-12-10 18:40:15,222 DEBUG Horse: Создание Horse, имя [Horse_48], скорость [6.800000000000001]
2025-12-10 18:40:15,223 DEBUG Horse: Создание Horse, имя [Horse_49], скорость [6.9]
2025-12-10 18:40:15,223 DEBUG Hippodrome: Создание Hippodrome, лошадей [50]
2025-12-10 18:40:15,227 DEBUG Horse: Создание Horse, имя [Horse_1], скорость [2.106981076251395]
2025-12-10 18:40:15,227 DEBUG Horse: Создание Horse, имя [Horse_2], скорость [2.460325074833993]
2025-12-10 18:40:15,227 DEBUG Horse: Создание Horse, имя [Horse_3], скорость [3.0063413648477253]
2025-12-10 18:40:15,227 DEBUG Horse: Создание Horse, имя [Horse_4], скорость [3.0227330701835164]
2025-12-10 18:40:15,227 DEBUG Horse: Создание Horse, имя [Horse_5], скорость [2.5790879742687034]
2025-12-10 18:40:15,227 DEBUG Horse: Создание Horse, имя [Horse_6], скорость [3.6416135340776394]
2025-12-10 18:40:15,227 DEBUG Horse: Создание Horse, имя [Horse_7], скорость [2.0522180656991047]
2025-12-10 18:40:15,228 DEBUG Horse: Создание Horse, имя [Horse_8], скорость [3.2913062309425585]
2025-12-10 18:40:15,228 DEBUG Horse: Создание Horse, имя [Horse_9], скорость [2.73314234945599]
2025-12-10 18:40:15,228 DEBUG Horse: Создание Horse, имя [Horse_10], скорость [3.917018232119328]
2025-12-10 18:40:15,228 DEBUG Horse: Создание Horse, имя [Horse_11], скорость [3.3789948759734836]
2025-12-10 18:40:15,228 DEBUG Horse: Создание Horse, имя [Horse_12], скорость [3.1569602056037223]
2025-12-10 18:40:15,228 DEBUG Horse: Создание Horse, имя [Horse_13], скорость [3.420912218515282]
2025-12-10 18:40:15,228 DEBUG Horse: Создание Horse, имя [Horse_14], скорость [3.745784061635585]
2025-12-10 18:40:15,228 DEBUG Horse: Создание Horse, имя [Horse_15], скорость [2.5427334688087173]
2025-12-10 18:40:15,228 DEBUG Horse: Создание Horse, имя [Horse_16], скорость [3.636663715348018]
2025-12-10 18:40:15,229 DEBUG Horse: Создание Horse, имя [Horse_17], скорость [3.1320122629395315]
2025-12-10 18:40:15,229 DEBUG Horse: Создание Horse, имя [Horse_18], скорость [2.022619054865367]
2025-12-10 18:40:15,229 DEBUG Horse: Создание Horse, имя [Horse_19], скорость [2.9015133899598053]
2025-12-10 18:40:15,229 DEBUG Horse: Создание Horse, имя [Horse_20], скорость [3.8867262329896386]
2025-12-10 18:40:15,229 DEBUG Horse: Создание Horse, имя [Horse_21], скорость [2.679691435694717]
2025-12-10 18:40:15,229 DEBUG Horse: Создание Horse, имя [Horse_22], скорость [3.077014280675421]
2025-12-10 18:40:15,229 DEBUG Horse: Создание Horse, имя [Horse_23], скорость [3.178471303640177]
2025-12-10 18:40:15,229 DEBUG Horse: Создание Horse, имя [Horse_24], скорость [2.077698956560259]
2025-12-10 18:40:15,229 DEBUG Horse: Создание Horse, имя [Horse_25], скорость [3.1866716638769086]
2025-12-10 18:40:15,229 DEBUG Horse: Создание Horse, имя [Horse_26], скорость [2.3077741946723]
2025-12-10 18:40:15,229 DEBUG Horse: Создание Horse, имя [Horse_27], скорость [3.8595898553710226]
2025-12-10 18:40:15,229 DEBUG Horse: Создание Horse, имя [Horse_28], скорость [2.8759516568369365]
2025-12-10 18:40:15,230 DEBUG Horse: Создание Horse, имя [Horse_29], скорость [2.862797028722264]
2025-12-10 18:40:15,230 DEBUG Horse: Создание Horse, имя [Horse_30], скорость [3.9938332765623903]
2025-12-10 18:40:15,230 DEBUG Hippodrome: Создание Hippodrome, лошадей [30]
2025-12-10 18:40:15,233 ERROR Hippodrome: Horse: Name is blank
2025-12-10 19:02:03,234 ERROR Hippodrome: Horse: Name is null
2025-12-10 19:02:03,264 ERROR Hippodrome: Horse: Name is blank
2025-12-10 19:02:03,267 ERROR Hippodrome: Horse: Name is null
2025-12-10 19:02:03,286 DEBUG Horse: Создание Horse, имя [Horse_0], скорость [2.0]
2025-12-10 19:02:03,286 DEBUG Horse: Создание Horse, имя [Horse_1], скорость [2.1]
2025-12-10 19:02:03,287 DEBUG Horse: Создание Horse, имя [Horse_2], скорость [2.2]
2025-12-10 19:02:03,287 DEBUG Horse: Создание Horse, имя [Horse_3], скорость [2.3]
2025-12-10 19:02:03,287 DEBUG Horse: Создание Horse, имя [Horse_4], скорость [2.4]
2025-12-10 19:02:03,287 DEBUG Horse: Создание Horse, имя [Horse_5], скорость [2.5]
2025-12-10 19:02:03,287 DEBUG Horse: Создание Horse, имя [Horse_6], скорость [2.6]
2025-12-10 19:02:03,287 DEBUG Horse: Создание Horse, имя [Horse_7], скорость [2.7]
2025-12-10 19:02:03,287 DEBUG Horse: Создание Horse, имя [Horse_8], скорость [2.8]
2025-12-10 19:02:03,287 DEBUG Horse: Создание Horse, имя [Horse_9], скорость [2.9]
2025-12-10 19:02:03,287 DEBUG Horse: Создание Horse, имя [Horse_10], скорость [3.0]
2025-12-10 19:02:03,288 DEBUG Horse: Создание Horse, имя [Horse_11], скорость [3.1]
2025-12-10 19:02:03,288 DEBUG Horse: Создание Horse, имя [Horse_12], скорость [3.2]
2025-12-10 19:02:03,288 DEBUG Horse: Создание Horse, имя [Horse_13], скорость [3.3]
2025-12-10 19:02:03,288 DEBUG Horse: Создание Horse, имя [Horse_14], скорость [3.4000000000000004]
2025-12-10 19:02:03,288 DEBUG Horse: Создание Horse, имя [Horse_15], скорость [3.5]
2025-12-10 19:02:03,288 DEBUG Horse: Создание Horse, имя [Horse_16], скорость [3.6]
2025-12-10 19:02:03,288 DEBUG Horse: Создание Horse, имя [Horse_17], скорость [3.7]
2025-12-10 19:02:03,288 DEBUG Horse: Создание Horse, имя [Horse_18], скорость [3.8]
2025-12-10 19:02:03,288 DEBUG Horse: Создание Horse, имя [Horse_19], скорость [3.9000000000000004]
2025-12-10 19:02:03,288 DEBUG Horse: Создание Horse, имя [Horse_20], скорость [4.0]
2025-12-10 19:02:03,288 DEBUG Horse: Создание Horse, имя [Horse_21], скорость [4.1]
2025-12-10 19:02:03,289 DEBUG Horse: Создание Horse, имя [Horse_22], скорость [4.2]
2025-12-10 19:02:03,289 DEBUG Horse: Создание Horse, имя [Horse_23], скорость [4.300000000000001]
2025-12-10 19:02:03,289 DEBUG Horse: Создание Horse, имя [Horse_24], скорость [4.4]
2025-12-10 19:02:03,289 DEBUG Horse: Создание Horse, имя [Horse_25], скорость [4.5]
2025-12-10 19:02:03,289 DEBUG Horse: Создание Horse, имя [Horse_26], скорость [4.6]
2025-12-10 19:02:03,289 DEBUG Horse: Создание Horse, имя [Horse_27], скорость [4.7]
2025-12-10 19:02:03,289 DEBUG Horse: Создание Horse, имя [Horse_28], скорость [4.800000000000001]
2025-12-10 19:02:03,289 DEBUG Horse: Создание Horse, имя [Horse_29], скорость [4.9]
2025-12-10 19:02:03,289 DEBUG Horse: Создание Horse, имя [Horse_30], скорость [5.0]
2025-12-10 19:02:03,290 DEBUG Horse: Создание Horse, имя [Horse_31], скорость [5.1]
2025-12-10 19:02:03,290 DEBUG Horse: Создание Horse, имя [Horse_32], скорость [5.2]
2025-12-10 19:02:03,290 DEBUG Horse: Создание Horse, имя [Horse_33], скорость [5.300000000000001]
2025-12-10 19:02:03,290 DEBUG Horse: Создание Horse, имя [Horse_34], скорость [5.4]
2025-12-10 19:02:03,290 DEBUG Horse: Создание Horse, имя [Horse_35], скорость [5.5]
2025-12-10 19:02:03,290 DEBUG Horse: Создание Horse, имя [Horse_36], скорость [5.6]
2025-12-10 19:02:03,290 DEBUG Horse: Создание Horse, имя [Horse_37], скорость [5.7]
2025-12-10 19:02:03,290 DEBUG Horse: Создание Horse, имя [Horse_38], скорость [5.800000000000001]
2025-12-10 19:02:03,290 DEBUG Horse: Создание Horse, имя [Horse_39], скорость [5.9]
2025-12-10 19:02:03,290 DEBUG Horse: Создание Horse, имя [Horse_40], скорость [6.0]
2025-12-10 19:02:03,291 DEBUG Horse: Создание Horse, имя [Horse_41], скорость [6.1000000000000005]
2025-12-10 19:02:03,291 DEBUG Horse: Создание Horse, имя [Horse_42], скорость [6.2]
2025-12-10 19:02:03,291 DEBUG Horse: Создание Horse, имя [Horse_43], скорость [6.3]
2025-12-10 19:02:03,291 DEBUG Horse: Создание Horse, имя [Horse_44], скорость [6.4]
2025-12-10 19:02:03,291 DEBUG Horse: Создание Horse, имя [Horse_45], скорость [6.5]
2025-12-10 19:02:03,291 DEBUG Horse: Создание Horse, имя [Horse_46], скорость [6.6000000000000005]
2025-12-10 19:02:03,291 DEBUG Horse: Создание Horse, имя [Horse_47], скорость [6.7]
2025-12-10 19:02:03,291 DEBUG Horse: Создание Horse, имя [Horse_48], скорость [6.800000000000001]
2025-12-10 19:02:03,291 DEBUG Horse: Создание Horse, имя [Horse_49], скорость [6.9]
2025-12-10 19:02:03,291 DEBUG Hippodrome: Создание Hippodrome, лошадей [50]
2025-12-10 19:02:03,295 DEBUG Horse: Создание Horse, имя [Horse_1], скорость [2.606316967558322]
2025-12-10 19:02:03,295 DEBUG Horse: Создание Horse, имя [Horse_2], скорость [3.6975928103861593]
2025-12-10 19:02:03,295 DEBUG Horse: Создание Horse, имя [Horse_3], скорость [3.310489000714016]
2025-12-10 19:02:03,296 DEBUG Horse: Создание Horse, имя [Horse_4], скорость [2.8911407662074744]
2025-12-10 19:02:03,296 DEBUG Horse: Создание Horse, имя [Horse_5], скорость [3.7377675890121598]
2025-12-10 19:02:03,296 DEBUG Horse: Создание Horse, имя [Horse_6], скорость [2.242946375343614]
2025-12-10 19:02:03,296 DEBUG Horse: Создание Horse, имя [Horse_7], скорость [3.3856001532873723]
2025-12-10 19:02:03,296 DEBUG Horse: Создание Horse, имя [Horse_8], скорость [3.7271354261459124]
2025-12-10 19:02:03,296 DEBUG Horse: Создание Horse, имя [Horse_9], скорость [3.590463543644387]
2025-12-10 19:02:03,297 DEBUG Horse: Создание Horse, имя [Horse_10], скорость [3.0584046941360126]
2025-12-10 19:02:03,297 DEBUG Horse: Создание Horse, имя [Horse_11], скорость [2.5512899669679365]
2025-12-10 19:02:03,297 DEBUG Horse: Создание Horse, имя [Horse_12], скорость [2.5716050705837787]
2025-12-10 19:02:03,297 DEBUG Horse: Создание Horse, имя [Horse_13], скорость [3.5868933461915082]
2025-12-10 19:02:03,297 DEBUG Horse: Создание Horse, имя [Horse_14], скорость [2.899453377102092]
2025-12-10 19:02:03,297 DEBUG Horse: Создание Horse, имя [Horse_15], скорость [2.093071497017454]
2025-12-10 19:02:03,297 DEBUG Horse: Создание Horse, имя [Horse_16], скорость [2.4744615860782053]
2025-12-10 19:02:03,297 DEBUG Horse: Создание Horse, имя [Horse_17], скорость [2.7270799356536264]
2025-12-10 19:02:03,297 DEBUG Horse: Создание Horse, имя [Horse_18], скорость [3.162735688806886]
2025-12-10 19:02:03,297 DEBUG Horse: Создание Horse, имя [Horse_19], скорость [3.712047474082558]
2025-12-10 19:02:03,298 DEBUG Horse: Создание Horse, имя [Horse_20], скорость [3.7312856593009736]
2025-12-10 19:02:03,298 DEBUG Horse: Создание Horse, имя [Horse_21], скорость [2.1360906450404693]
2025-12-10 19:02:03,298 DEBUG Horse: Создание Horse, имя [Horse_22], скорость [2.3744825999053507]
2025-12-10 19:02:03,298 DEBUG Horse: Создание Horse, имя [Horse_23], скорость [3.5660809670261675]
2025-12-10 19:02:03,298 DEBUG Horse: Создание Horse, имя [Horse_24], скорость [2.9781265315436896]
2025-12-10 19:02:03,298 DEBUG Horse: Создание Horse, имя [Horse_25], скорость [3.081183550480101]
2025-12-10 19:02:03,298 DEBUG Horse: Создание Horse, имя [Horse_26], скорость [3.2613269150683655]
2025-12-10 19:02:03,298 DEBUG Horse: Создание Horse, имя [Horse_27], скорость [2.36461777150709]
2025-12-10 19:02:03,298 DEBUG Horse: Создание Horse, имя [Horse_28], скорость [3.2683753432956575]
2025-12-10 19:02:03,298 DEBUG Horse: Создание Horse, имя [Horse_29], скорость [2.2130467135035827]
2025-12-10 19:02:03,299 DEBUG Horse: Создание Horse, имя [Horse_30], скорость [2.0275863537313015]
2025-12-10 19:02:03,299 DEBUG Hippodrome: Создание Hippodrome, лошадей [30]
2025-12-10 19:02:03,301 DEBUG Horse: Создание Horse, имя [Horse_1], скорость [3.7576081734836335]
2025-12-10 19:02:03,302 DEBUG Horse: Создание Horse, имя [Horse_2], скорость [2.628451037761737]
2025-12-10 19:02:03,302 DEBUG Horse: Создание Horse, имя [Horse_3], скорость [2.408864351741139]
2025-12-10 19:02:03,302 DEBUG Horse: Создание Horse, имя [Horse_4], скорость [3.4636080407259353]
2025-12-10 19:02:03,302 DEBUG Horse: Создание Horse, имя [Horse_5], скорость [3.230965343207844]
2025-12-10 19:02:03,302 DEBUG Horse: Создание Horse, имя [Horse_6], скорость [3.3672810838513048]
2025-12-10 19:02:03,302 DEBUG Horse: Создание Horse, имя [Horse_7], скорость [3.140568579204879]
2025-12-10 19:02:03,302 DEBUG Horse: Создание Horse, имя [Horse_8], скорость [3.2350271694900634]
2025-12-10 19:02:03,303 DEBUG Horse: Создание Horse, имя [Horse_9], скорость [2.110255362190107]
2025-12-10 19:02:03,303 DEBUG Horse: Создание Horse, имя [Horse_10], скорость [3.562490420300415]
2025-12-10 19:02:03,303 DEBUG Horse: Создание Horse, имя [Horse_11], скорость [2.9748142191201588]
2025-12-10 19:02:03,303 DEBUG Horse: Создание Horse, имя [Horse_12], скорость [3.2646334619733417]
2025-12-10 19:02:03,303 DEBUG Horse: Создание Horse, имя [Horse_13], скорость [3.1168294359568343]
2025-12-10 19:02:03,304 DEBUG Horse: Создание Horse, имя [Horse_14], скорость [2.6379764026361583]
2025-12-10 19:02:03,304 DEBUG Horse: Создание Horse, имя [Horse_15], скорость [2.0204048200652096]
2025-12-10 19:02:03,304 DEBUG Horse: Создание Horse, имя [Horse_16], скорость [2.6353375061457536]
2025-12-10 19:02:03,304 DEBUG Horse: Создание Horse, имя [Horse_17], скорость [3.683806878702098]
2025-12-10 19:02:03,304 DEBUG Horse: Создание Horse, имя [Horse_18], скорость [3.1557737220329276]
2025-12-10 19:02:03,304 DEBUG Horse: Создание Horse, имя [Horse_19], скорость [3.4462635723318362]
2025-12-10 19:02:03,304 DEBUG Horse: Создание Horse, имя [Horse_20], скорость [2.14812144241918]
2025-12-10 19:02:03,304 DEBUG Horse: Создание Horse, имя [Horse_21], скорость [2.9111094589103823]
2025-12-10 19:02:03,304 DEBUG Horse: Создание Horse, имя [Horse_22], скорость [2.984742229112256]
2025-12-10 19:02:03,305 DEBUG Horse: Создание Horse, имя [Horse_23], скорость [2.336919250269893]
2025-12-10 19:02:03,305 DEBUG Horse: Создание Horse, имя [Horse_24], скорость [3.7827799047157917]
2025-12-10 19:02:03,305 DEBUG Horse: Создание Horse, имя [Horse_25], скорость [3.120227094301941]
2025-12-10 19:02:03,305 DEBUG Horse: Создание Horse, имя [Horse_26], скорость [3.1334395155656845]
2025-12-10 19:02:03,305 DEBUG Horse: Создание Horse, имя [Horse_27], скорость [3.8078798129187246]
2025-12-10 19:02:03,305 DEBUG Horse: Создание Horse, имя [Horse_28], скорость [2.045502003178121]
2025-12-10 19:02:03,305 DEBUG Horse: Создание Horse, имя [Horse_29], скорость [3.454027448836909]
2025-12-10 19:02:03,305 DEBUG Horse: Создание Horse, имя [Horse_30], скорость [3.817490100394279]
2025-12-10 19:02:03,306 DEBUG Hippodrome: Создание Hippodrome, лошадей [30]
2025-12-10 19:02:03,311 ERROR Hippodrome: Horse: Name is blank
2025-12-10 19:07:46,890 DEBUG Horse: Создание Horse, имя [Betty], скорость [25.0]
2025-12-10 19:07:46,909 ERROR Horse: Distance is negative
2025-12-10 19:07:46,913 DEBUG Horse: Создание Horse, имя [Betty], скорость [25.0]
2025-12-10 19:07:46,921 ERROR Horse: Name is null
2025-12-10 19:07:46,923 DEBUG Horse: Создание Horse, имя [Betty], скорость [25.0]
2025-12-10 19:07:46,968 DEBUG Horse: Создание Horse, имя [Betty], скорость [25.0]
2025-12-10 19:07:46,986 ERROR Horse: Name is blank
2025-12-10 19:07:46,995 DEBUG Horse: Создание Horse, имя [Betty], скорость [25.0]
2025-12-10 19:07:46,996 ERROR Horse: Name is blank
2025-12-10 19:07:46,998 DEBUG Horse: Создание Horse, имя [Betty], скорость [25.0]
2025-12-10 19:07:46,999 ERROR Horse: Name is blank
2025-12-10 19:07:47,002 DEBUG Horse: Создание Horse, имя [Betty], скорость [25.0]
2025-12-10 19:07:47,004 ERROR Horse: Name is blank
2025-12-10 19:07:47,007 DEBUG Horse: Создание Horse, имя [Betty], скорость [25.0]
2025-12-10 19:07:47,010 ERROR Horse: Name is blank
2025-12-10 19:07:47,012 DEBUG Horse: Создание Horse, имя [Betty], скорость [25.0]
2025-12-10 19:07:47,014 ERROR Horse: Name is blank
2025-12-10 19:07:47,018 DEBUG Horse: Создание Horse, имя [Betty], скорость [25.0]
2025-12-10 19:07:47,020 ERROR Horse: Name is blank
2025-12-10 19:07:47,023 DEBUG Horse: Создание Horse, имя [Betty], скорость [25.0]
2025-12-10 19:07:47,024 ERROR Horse: Name is blank
2025-12-10 19:07:47,027 DEBUG Horse: Создание Horse, имя [Betty], скорость [25.0]
2025-12-10 19:07:47,028 ERROR Horse: Name is blank
2025-12-10 19:07:47,030 DEBUG Horse: Создание Horse, имя [Betty], скорость [25.0]
2025-12-10 19:07:47,032 ERROR Horse: Name is blank
2025-12-10 19:07:47,034 DEBUG Horse: Создание Horse, имя [Betty], скорость [25.0]
2025-12-10 19:07:47,036 ERROR Horse: Name is blank
2025-12-10 19:07:47,048 DEBUG Horse: Создание Horse, имя [Betty], скорость [25.0]
2025-12-10 19:07:47,054 ERROR Horse: Name is blank
2025-12-10 19:07:47,057 DEBUG Horse: Создание Horse, имя [Betty], скорость [25.0]
2025-12-10 19:07:47,061 DEBUG Horse: Создание Horse, имя [Betty], скорость [25.0]
2025-12-10 19:07:47,063 ERROR Horse: Speed is negative
2025-12-10 19:07:47,065 DEBUG Horse: Создание Horse, имя [Betty], скорость [25.0]
2025-12-10 19:07:47,863 DEBUG Horse: Создание Horse, имя [Betty], скорость [25.0]
2025-12-10 19:07:47,871 DEBUG Horse: Создание Horse, имя [Betty], скорость [25.0]
2025-12-10 19:07:47,873 DEBUG Horse: Создание Horse, имя [Betty], скорость [25.0]
2025-12-10 19:07:47,874 ERROR Horse: Distance is negative
2025-12-10 19:07:47,876 DEBUG Horse: Создание Horse, имя [Betty], скорость [25.0]
2025-12-10 19:07:47,877 ERROR Horse: Name is null
2025-12-10 19:07:47,879 DEBUG Horse: Создание Horse, имя [Betty], скорость [25.0]
2025-12-10 19:07:47,880 ERROR Horse: Speed is negative
2025-12-10 19:07:47,887 ERROR Hippodrome: Horse: Name is null
2025-12-10 19:07:47,891 ERROR Hippodrome: Horse: Name is blank
2025-12-10 19:07:47,895 ERROR Hippodrome: Horse: Name is null
2025-12-10 19:07:47,897 DEBUG Horse: Создание Horse, имя [Horse_0], скорость [2.0]
2025-12-10 19:07:47,897 DEBUG Horse: Создание Horse, имя [Horse_1], скорость [2.1]
2025-12-10 19:07:47,898 DEBUG Horse: Создание Horse, имя [Horse_2], скорость [2.2]
2025-12-10 19:07:47,898 DEBUG Horse: Создание Horse, имя [Horse_3], скорость [2.3]
2025-12-10 19:07:47,898 DEBUG Horse: Создание Horse, имя [Horse_4], скорость [2.4]
2025-12-10 19:07:47,898 DEBUG Horse: Создание Horse, имя [Horse_5], скорость [2.5]
2025-12-10 19:07:47,898 DEBUG Horse: Создание Horse, имя [Horse_6], скорость [2.6]
2025-12-10 19:07:47,898 DEBUG Horse: Создание Horse, имя [Horse_7], скорость [2.7]
2025-12-10 19:07:47,898 DEBUG Horse: Создание Horse, имя [Horse_8], скорость [2.8]
2025-12-10 19:07:47,898 DEBUG Horse: Создание Horse, имя [Horse_9], скорость [2.9]
2025-12-10 19:07:47,898 DEBUG Horse: Создание Horse, имя [Horse_10], скорость [3.0]
2025-12-10 19:07:47,899 DEBUG Horse: Создание Horse, имя [Horse_11], скорость [3.1]
2025-12-10 19:07:47,899 DEBUG Horse: Создание Horse, имя [Horse_12], скорость [3.2]
2025-12-10 19:07:47,899 DEBUG Horse: Создание Horse, имя [Horse_13], скорость [3.3]
2025-12-10 19:07:47,899 DEBUG Horse: Создание Horse, имя [Horse_14], скорость [3.4000000000000004]
2025-12-10 19:07:47,899 DEBUG Horse: Создание Horse, имя [Horse_15], скорость [3.5]
2025-12-10 19:07:47,899 DEBUG Horse: Создание Horse, имя [Horse_16], скорость [3.6]
2025-12-10 19:07:47,899 DEBUG Horse: Создание Horse, имя [Horse_17], скорость [3.7]
2025-12-10 19:07:47,899 DEBUG Horse: Создание Horse, имя [Horse_18], скорость [3.8]
2025-12-10 19:07:47,899 DEBUG Horse: Создание Horse, имя [Horse_19], скорость [3.9000000000000004]
2025-12-10 19:07:47,900 DEBUG Horse: Создание Horse, имя [Horse_20], скорость [4.0]
2025-12-10 19:07:47,900 DEBUG Horse: Создание Horse, имя [Horse_21], скорость [4.1]
2025-12-10 19:07:47,900 DEBUG Horse: Создание Horse, имя [Horse_22], скорость [4.2]
2025-12-10 19:07:47,900 DEBUG Horse: Создание Horse, имя [Horse_23], скорость [4.300000000000001]
2025-12-10 19:07:47,900 DEBUG Horse: Создание Horse, имя [Horse_24], скорость [4.4]
2025-12-10 19:07:47,900 DEBUG Horse: Создание Horse, имя [Horse_25], скорость [4.5]
2025-12-10 19:07:47,900 DEBUG Horse: Создание Horse, имя [Horse_26], скорость [4.6]
2025-12-10 19:07:47,900 DEBUG Horse: Создание Horse, имя [Horse_27], скорость [4.7]
2025-12-10 19:07:47,900 DEBUG Horse: Создание Horse, имя [Horse_28], скорость [4.800000000000001]
2025-12-10 19:07:47,900 DEBUG Horse: Создание Horse, имя [Horse_29], скорость [4.9]
2025-12-10 19:07:47,900 DEBUG Horse: Создание Horse, имя [Horse_30], скорость [5.0]
2025-12-10 19:07:47,901 DEBUG Horse: Создание Horse, имя [Horse_31], скорость [5.1]
2025-12-10 19:07:47,901 DEBUG Horse: Создание Horse, имя [Horse_32], скорость [5.2]
2025-12-10 19:07:47,901 DEBUG Horse: Создание Horse, имя [Horse_33], скорость [5.300000000000001]
2025-12-10 19:07:47,901 DEBUG Horse: Создание Horse, имя [Horse_34], скорость [5.4]
2025-12-10 19:07:47,901 DEBUG Horse: Создание Horse, имя [Horse_35], скорость [5.5]
2025-12-10 19:07:47,901 DEBUG Horse: Создание Horse, имя [Horse_36], скорость [5.6]
2025-12-10 19:07:47,901 DEBUG Horse: Создание Horse, имя [Horse_37], скорость [5.7]
2025-12-10 19:07:47,902 DEBUG Horse: Создание Horse, имя [Horse_38], скорость [5.800000000000001]
2025-12-10 19:07:47,902 DEBUG Horse: Создание Horse, имя [Horse_39], скорость [5.9]
2025-12-10 19:07:47,902 DEBUG Horse: Создание Horse, имя [Horse_40], скорость [6.0]
2025-12-10 19:07:47,902 DEBUG Horse: Создание Horse, имя [Horse_41], скорость [6.1000000000000005]
2025-12-10 19:07:47,902 DEBUG Horse: Создание Horse, имя [Horse_42], скорость [6.2]
2025-12-10 19:07:47,902 DEBUG Horse: Создание Horse, имя [Horse_43], скорость [6.3]
2025-12-10 19:07:47,903 DEBUG Horse: Создание Horse, имя [Horse_44], скорость [6.4]
2025-12-10 19:07:47,903 DEBUG Horse: Создание Horse, имя [Horse_45], скорость [6.5]
2025-12-10 19:07:47,903 DEBUG Horse: Создание Horse, имя [Horse_46], скорость [6.6000000000000005]
2025-12-10 19:07:47,904 DEBUG Horse: Создание Horse, имя [Horse_47], скорость [6.7]
2025-12-10 19:07:47,904 DEBUG Horse: Создание Horse, имя [Horse_48], скорость [6.800000000000001]
2025-12-10 19:07:47,904 DEBUG Horse: Создание Horse, имя [Horse_49], скорость [6.9]
2025-12-10 19:07:47,904 DEBUG Hippodrome: Создание Hippodrome, лошадей [50]
2025-12-10 19:07:47,909 DEBUG Horse: Создание Horse, имя [Horse_1], скорость [3.0017915664428925]
2025-12-10 19:07:47,910 DEBUG Horse: Создание Horse, имя [Horse_2], скорость [3.7121283762439403]
2025-12-10 19:07:47,910 DEBUG Horse: Создание Horse, имя [Horse_3], скорость [2.686248589401422]
2025-12-10 19:07:47,911 DEBUG Horse: Создание Horse, имя [Horse_4], скорость [3.027175932207692]
2025-12-10 19:07:47,911 DEBUG Horse: Создание Horse, имя [Horse_5], скорость [2.1695458280155453]
2025-12-10 19:07:47,911 DEBUG Horse: Создание Horse, имя [Horse_6], скорость [3.7839635571950905]
2025-12-10 19:07:47,911 DEBUG Horse: Создание Horse, имя [Horse_7], скорость [2.2983084668280647]
2025-12-10 19:07:47,911 DEBUG Horse: Создание Horse, имя [Horse_8], скорость [2.1074517120703935]
2025-12-10 19:07:47,911 DEBUG Horse: Создание Horse, имя [Horse_9], скорость [2.172496422514641]
2025-12-10 19:07:47,912 DEBUG Horse: Создание Horse, имя [Horse_10], скорость [3.8967278286598046]
2025-12-10 19:07:47,912 DEBUG Horse: Создание Horse, имя [Horse_11], скорость [3.74792264510339]
2025-12-10 19:07:47,912 DEBUG Horse: Создание Horse, имя [Horse_12], скорость [3.548847269705421]
2025-12-10 19:07:47,912 DEBUG Horse: Создание Horse, имя [Horse_13], скорость [3.1029037057891307]
2025-12-10 19:07:47,912 DEBUG Horse: Создание Horse, имя [Horse_14], скорость [3.7810780929812875]
2025-12-10 19:07:47,912 DEBUG Horse: Создание Horse, имя [Horse_15], скорость [3.6383292052407374]
2025-12-10 19:07:47,913 DEBUG Horse: Создание Horse, имя [Horse_16], скорость [2.202966663786148]
2025-12-10 19:07:47,913 DEBUG Horse: Создание Horse, имя [Horse_17], скорость [3.2381361428797124]
2025-12-10 19:07:47,913 DEBUG Horse: Создание Horse, имя [Horse_18], скорость [3.5549691560603307]
2025-12-10 19:07:47,913 DEBUG Horse: Создание Horse, имя [Horse_19], скорость [3.51483804489457]
2025-12-10 19:07:47,913 DEBUG Horse: Создание Horse, имя [Horse_20], скорость [2.8046315713158867]
2025-12-10 19:07:47,913 DEBUG Horse: Создание Horse, имя [Horse_21], скорость [2.110590412984223]
2025-12-10 19:07:47,913 DEBUG Horse: Создание Horse, имя [Horse_22], скорость [2.435780605545017]
2025-12-10 19:07:47,913 DEBUG Horse: Создание Horse, имя [Horse_23], скорость [2.0577303883700733]
2025-12-10 19:07:47,913 DEBUG Horse: Создание Horse, имя [Horse_24], скорость [3.4234802493678016]
2025-12-10 19:07:47,913 DEBUG Horse: Создание Horse, имя [Horse_25], скорость [3.394507929239661]
2025-12-10 19:07:47,914 DEBUG Horse: Создание Horse, имя [Horse_26], скорость [3.481452505262024]
2025-12-10 19:07:47,914 DEBUG Horse: Создание Horse, имя [Horse_27], скорость [2.583783876249674]
2025-12-10 19:07:47,914 DEBUG Horse: Создание Horse, имя [Horse_28], скорость [2.404322970757848]
2025-12-10 19:07:47,914 DEBUG Horse: Создание Horse, имя [Horse_29], скорость [3.328010708141038]
2025-12-10 19:07:47,914 DEBUG Horse: Создание Horse, имя [Horse_30], скорость [3.690768970364208]
2025-12-10 19:07:47,914 DEBUG Hippodrome: Создание Hippodrome, лошадей [30]
2025-12-10 19:07:47,917 DEBUG Horse: Создание Horse, имя [Horse_1], скорость [3.753463685128264]
2025-12-10 19:07:47,917 DEBUG Horse: Создание Horse, имя [Horse_2], скорость [3.8491572604518884]
2025-12-10 19:07:47,918 DEBUG Horse: Создание Horse, имя [Horse_3], скорость [2.653142172657108]
2025-12-10 19:07:47,918 DEBUG Horse: Создание Horse, имя [Horse_4], скорость [2.3024398725404898]
2025-12-10 19:07:47,918 DEBUG Horse: Создание Horse, имя [Horse_5], скорость [2.3005900618371253]
2025-12-10 19:07:47,918 DEBUG Horse: Создание Horse, имя [Horse_6], скорость [3.920449798292857]
2025-12-10 19:07:47,918 DEBUG Horse: Создание Horse, имя [Horse_7], скорость [3.01572831476558]
2025-12-10 19:07:47,919 DEBUG Horse: Создание Horse, имя [Horse_8], скорость [2.922973103410995]
2025-12-10 19:07:47,919 DEBUG Horse: Создание Horse, имя [Horse_9], скорость [2.7852701684561096]
2025-12-10 19:07:47,919 DEBUG Horse: Создание Horse, имя [Horse_10], скорость [3.575459046846725]
2025-12-10 19:07:47,919 DEBUG Horse: Создание Horse, имя [Horse_11], скорость [2.0609067662337486]
2025-12-10 19:07:47,919 DEBUG Horse: Создание Horse, имя [Horse_12], скорость [2.685777033070497]
2025-12-10 19:07:47,920 DEBUG Horse: Создание Horse, имя [Horse_13], скорость [3.1334838029852587]
2025-12-10 19:07:47,920 DEBUG Horse: Создание Horse, имя [Horse_14], скорость [3.4860770188433454]
2025-12-10 19:07:47,920 DEBUG Horse: Создание Horse, имя [Horse_15], скорость [2.2643823187325083]
2025-12-10 19:07:47,921 DEBUG Horse: Создание Horse, имя [Horse_16], скорость [3.089755488877587]
2025-12-10 19:07:47,921 DEBUG Horse: Создание Horse, имя [Horse_17], скорость [2.66351955718259]
2025-12-10 19:07:47,921 DEBUG Horse: Создание Horse, имя [Horse_18], скорость [3.652982662970669]
2025-12-10 19:07:47,921 DEBUG Horse: Создание Horse, имя [Horse_19], скорость [2.8740905448031118]
2025-12-10 19:07:47,921 DEBUG Horse: Создание Horse, имя [Horse_20], скорость [2.872199554005536]
2025-12-10 19:07:47,922 DEBUG Horse: Создание Horse, имя [Horse_21], скорость [2.15737237715647]
2025-12-10 19:07:47,922 DEBUG Horse: Создание Horse, имя [Horse_22], скорость [2.513446994118264]
2025-12-10 19:07:47,922 DEBUG Horse: Создание Horse, имя [Horse_23], скорость [2.0666173215861128]
2025-12-10 19:07:47,922 DEBUG Horse: Создание Horse, имя [Horse_24], скорость [2.29634114621178]
2025-12-10 19:07:47,922 DEBUG Horse: Создание Horse, имя [Horse_25], скорость [3.5572637355671732]
2025-12-10 19:07:47,923 DEBUG Horse: Создание Horse, имя [Horse_26], скорость [2.644963733831326]
2025-12-10 19:07:47,923 DEBUG Horse: Создание Horse, имя [Horse_27], скорость [3.7013970674389185]
2025-12-10 19:07:47,923 DEBUG Horse: Создание Horse, имя [Horse_28], скорость [3.5698883766667167]
2025-12-10 19:07:47,923 DEBUG Horse: Создание Horse, имя [Horse_29], скорость [3.3575958673504847]
2025-12-10 19:07:47,924 DEBUG Horse: Создание Horse, имя [Horse_30], скорость [2.2600171308175145]
2025-12-10 19:07:47,925 DEBUG Hippodrome: Создание Hippodrome, лошадей [30]
2025-12-10 19:07:47,932 ERROR Hippodrome: Horse: Name is blank
